<?xml version="1.0" encoding="UTF-8"?>
<testsuites>
  <testsuite name="Tests\Unit\Formatters\PercentageFormatterTest" file="tests/Unit/Formatters/PercentageFormatterTest.php" tests="14" assertions="17" errors="0" failures="0" skipped="0" time="0.382262">
    <testcase name="`PercentageFormatter` → it renders progress bar for 0 percent" file="tests/Unit/Formatters/PercentageFormatterTest.php::`PercentageFormatter` → it renders progress bar for 0 percent" class="Tests\Unit\Formatters\PercentageFormatterTest" classname="Tests.Unit.Formatters.PercentageFormatterTest" assertions="1" time="0.107663"/>
    <testcase name="`PercentageFormatter` → it renders progress bar with multiplier for decimal 0.5 as 50%" file="tests/Unit/Formatters/PercentageFormatterTest.php::`PercentageFormatter` → it renders progress bar with multiplier for decimal 0.5 as 50%" class="Tests\Unit\Formatters\PercentageFormatterTest" classname="Tests.Unit.Formatters.PercentageFormatterTest" assertions="1" time="0.020227"/>
    <testcase name="`PercentageFormatter` → it clamps progress bar to 100 for values over 100" file="tests/Unit/Formatters/PercentageFormatterTest.php::`PercentageFormatter` → it clamps progress bar to 100 for values over 100" class="Tests\Unit\Formatters\PercentageFormatterTest" classname="Tests.Unit.Formatters.PercentageFormatterTest" assertions="1" time="0.020577"/>
    <testcase name="`PercentageFormatter` → it renders progress bar with label and indigo color" file="tests/Unit/Formatters/PercentageFormatterTest.php::`PercentageFormatter` → it renders progress bar with label and indigo color" class="Tests\Unit\Formatters\PercentageFormatterTest" classname="Tests.Unit.Formatters.PercentageFormatterTest" assertions="4" time="0.022363"/>
    <testcase name="`PercentageFormatter` → it clamps progress bar to 0 for negative values" file="tests/Unit/Formatters/PercentageFormatterTest.php::`PercentageFormatter` → it clamps progress bar to 0 for negative values" class="Tests\Unit\Formatters\PercentageFormatterTest" classname="Tests.Unit.Formatters.PercentageFormatterTest" assertions="1" time="0.020374"/>
    <testcase name="`PercentageFormatter` → it renders progress bar with multiplier for decimal 1.0 as 100%" file="tests/Unit/Formatters/PercentageFormatterTest.php::`PercentageFormatter` → it renders progress bar with multiplier for decimal 1.0 as 100%" class="Tests\Unit\Formatters\PercentageFormatterTest" classname="Tests.Unit.Formatters.PercentageFormatterTest" assertions="1" time="0.021623"/>
    <testcase name="`PercentageFormatter` → it formats a plain percentage value" file="tests/Unit/Formatters/PercentageFormatterTest.php::`PercentageFormatter` → it formats a plain percentage value" class="Tests\Unit\Formatters\PercentageFormatterTest" classname="Tests.Unit.Formatters.PercentageFormatterTest" assertions="1" time="0.020946"/>
    <testcase name="`PercentageFormatter` → it formats a decimal percentage" file="tests/Unit/Formatters/PercentageFormatterTest.php::`PercentageFormatter` → it formats a decimal percentage" class="Tests\Unit\Formatters\PercentageFormatterTest" classname="Tests.Unit.Formatters.PercentageFormatterTest" assertions="1" time="0.020545"/>
    <testcase name="`PercentageFormatter` → it renders progress bar with multiplier clamped to 100%" file="tests/Unit/Formatters/PercentageFormatterTest.php::`PercentageFormatter` → it renders progress bar with multiplier clamped to 100%" class="Tests\Unit\Formatters\PercentageFormatterTest" classname="Tests.Unit.Formatters.PercentageFormatterTest" assertions="1" time="0.020394"/>
    <testcase name="`PercentageFormatter` → it renders text percentage with multiplier for decimal 0.75" file="tests/Unit/Formatters/PercentageFormatterTest.php::`PercentageFormatter` → it renders text percentage with multiplier for decimal 0.75" class="Tests\Unit\Formatters\PercentageFormatterTest" classname="Tests.Unit.Formatters.PercentageFormatterTest" assertions="1" time="0.020579"/>
    <testcase name="`PercentageFormatter` → it renders progress bar for 100 percent" file="tests/Unit/Formatters/PercentageFormatterTest.php::`PercentageFormatter` → it renders progress bar for 100 percent" class="Tests\Unit\Formatters\PercentageFormatterTest" classname="Tests.Unit.Formatters.PercentageFormatterTest" assertions="1" time="0.022784"/>
    <testcase name="`PercentageFormatter` → it formats 100 percent" file="tests/Unit/Formatters/PercentageFormatterTest.php::`PercentageFormatter` → it formats 100 percent" class="Tests\Unit\Formatters\PercentageFormatterTest" classname="Tests.Unit.Formatters.PercentageFormatterTest" assertions="1" time="0.021191"/>
    <testcase name="`PercentageFormatter` → it returns empty string for null" file="tests/Unit/Formatters/PercentageFormatterTest.php::`PercentageFormatter` → it returns empty string for null" class="Tests\Unit\Formatters\PercentageFormatterTest" classname="Tests.Unit.Formatters.PercentageFormatterTest" assertions="1" time="0.021805"/>
    <testcase name="`PercentageFormatter` → it formats zero percent" file="tests/Unit/Formatters/PercentageFormatterTest.php::`PercentageFormatter` → it formats zero percent" class="Tests\Unit\Formatters\PercentageFormatterTest" classname="Tests.Unit.Formatters.PercentageFormatterTest" assertions="1" time="0.021189"/>
  </testsuite>
</testsuites>
