<?xml version="1.0" encoding="UTF-8"?>
<testsuites>
  <testsuite name="CLI Arguments" tests="2106" assertions="3729" errors="0" failures="2" skipped="15" time="533.194360">
    <testsuite name="Tests\Unit\Filters\FilterApplierTest" file="tests/Unit/Filters/FilterApplierTest.php" tests="18" assertions="33" errors="0" failures="0" skipped="0" time="8.761095">
      <testcase name="`FilterApplier::apply` → it applies a between filter" file="tests/Unit/Filters/FilterApplierTest.php::`FilterApplier::apply` → it applies a between filter" class="Tests\Unit\Filters\FilterApplierTest" classname="Tests.Unit.Filters.FilterApplierTest" assertions="2" time="0.716499"/>
      <testcase name="`FilterApplier::apply` → it returns the same query builder instance" file="tests/Unit/Filters/FilterApplierTest.php::`FilterApplier::apply` → it returns the same query builder instance" class="Tests\Unit\Filters\FilterApplierTest" classname="Tests.Unit.Filters.FilterApplierTest" assertions="1" time="0.028659"/>
      <testcase name="`FilterApplier::apply` → it applies multiple filters combined with AND logic" file="tests/Unit/Filters/FilterApplierTest.php::`FilterApplier::apply` → it applies multiple filters combined with AND logic" class="Tests\Unit\Filters\FilterApplierTest" classname="Tests.Unit.Filters.FilterApplierTest" assertions="2" time="0.632813"/>
      <testcase name="`FilterApplier::apply` → it applies a not-equal filter" file="tests/Unit/Filters/FilterApplierTest.php::`FilterApplier::apply` → it applies a not-equal filter" class="Tests\Unit\Filters\FilterApplierTest" classname="Tests.Unit.Filters.FilterApplierTest" assertions="2" time="0.638882"/>
      <testcase name="`FilterApplier::apply` → it applies a contains filter" file="tests/Unit/Filters/FilterApplierTest.php::`FilterApplier::apply` → it applies a contains filter" class="Tests\Unit\Filters\FilterApplierTest" classname="Tests.Unit.Filters.FilterApplierTest" assertions="2" time="0.408172"/>
      <testcase name="`FilterApplier::apply` → it applies an in filter with comma-separated values" file="tests/Unit/Filters/FilterApplierTest.php::`FilterApplier::apply` → it applies an in filter with comma-separated values" class="Tests\Unit\Filters\FilterApplierTest" classname="Tests.Unit.Filters.FilterApplierTest" assertions="3" time="0.629316"/>
      <testcase name="`FilterApplier::apply` → it applies an exact match filter" file="tests/Unit/Filters/FilterApplierTest.php::`FilterApplier::apply` → it applies an exact match filter" class="Tests\Unit\Filters\FilterApplierTest" classname="Tests.Unit.Filters.FilterApplierTest" assertions="2" time="0.407128"/>
      <testcase name="`FilterApplier::apply` → it applies a starts with filter" file="tests/Unit/Filters/FilterApplierTest.php::`FilterApplier::apply` → it applies a starts with filter" class="Tests\Unit\Filters\FilterApplierTest" classname="Tests.Unit.Filters.FilterApplierTest" assertions="2" time="0.431416"/>
      <testcase name="`FilterApplier::apply` → it applies a does not contain filter" file="tests/Unit/Filters/FilterApplierTest.php::`FilterApplier::apply` → it applies a does not contain filter" class="Tests\Unit\Filters\FilterApplierTest" classname="Tests.Unit.Filters.FilterApplierTest" assertions="2" time="0.426644"/>
      <testcase name="`FilterApplier::apply` → it applies an ends with filter" file="tests/Unit/Filters/FilterApplierTest.php::`FilterApplier::apply` → it applies an ends with filter" class="Tests\Unit\Filters\FilterApplierTest" classname="Tests.Unit.Filters.FilterApplierTest" assertions="2" time="0.445079"/>
      <testcase name="`FilterApplier::apply` → it applies a like filter and finds matching posts" file="tests/Unit/Filters/FilterApplierTest.php::`FilterApplier::apply` → it applies a like filter and finds matching posts" class="Tests\Unit\Filters\FilterApplierTest" classname="Tests.Unit.Filters.FilterApplierTest" assertions="2" time="0.426178"/>
      <testcase name="`FilterApplier::apply` → it applies an in filter on relation columns" file="tests/Unit/Filters/FilterApplierTest.php::`FilterApplier::apply` → it applies an in filter on relation columns" class="Tests\Unit\Filters\FilterApplierTest" classname="Tests.Unit.Filters.FilterApplierTest" assertions="1" time="0.622501"/>
      <testcase name="`FilterApplier::apply` → it applies an is not null filter" file="tests/Unit/Filters/FilterApplierTest.php::`FilterApplier::apply` → it applies an is not null filter" class="Tests\Unit\Filters\FilterApplierTest" classname="Tests.Unit.Filters.FilterApplierTest" assertions="2" time="0.423411"/>
      <testcase name="`FilterApplier::apply` → it applies a contains filter on relation columns" file="tests/Unit/Filters/FilterApplierTest.php::`FilterApplier::apply` → it applies a contains filter on relation columns" class="Tests\Unit\Filters\FilterApplierTest" classname="Tests.Unit.Filters.FilterApplierTest" assertions="1" time="0.416249"/>
      <testcase name="`FilterApplier::apply` → it applies an is null filter" file="tests/Unit/Filters/FilterApplierTest.php::`FilterApplier::apply` → it applies an is null filter" class="Tests\Unit\Filters\FilterApplierTest" classname="Tests.Unit.Filters.FilterApplierTest" assertions="2" time="0.418270"/>
      <testcase name="`FilterApplier::apply` → it applies a relation column filter using whereHas" file="tests/Unit/Filters/FilterApplierTest.php::`FilterApplier::apply` → it applies a relation column filter using whereHas" class="Tests\Unit\Filters\FilterApplierTest" classname="Tests.Unit.Filters.FilterApplierTest" assertions="2" time="0.427080"/>
      <testcase name="`FilterApplier::apply` → it applies a not in filter with comma-separated values" file="tests/Unit/Filters/FilterApplierTest.php::`FilterApplier::apply` → it applies a not in filter with comma-separated values" class="Tests\Unit\Filters\FilterApplierTest" classname="Tests.Unit.Filters.FilterApplierTest" assertions="2" time="0.615444"/>
      <testcase name="`FilterApplier::apply` → it applies greater than filter" file="tests/Unit/Filters/FilterApplierTest.php::`FilterApplier::apply` → it applies greater than filter" class="Tests\Unit\Filters\FilterApplierTest" classname="Tests.Unit.Filters.FilterApplierTest" assertions="1" time="0.647356"/>
    </testsuite>
    <testsuite name="Tests\Feature\FilterTimezoneTest" file="tests/Feature/FilterTimezoneTest.php" tests="5" assertions="5" errors="0" failures="0" skipped="0" time="2.077019">
      <testcase name="`Filter timezone conversion` → it excludes records outside display timezone range" file="tests/Feature/FilterTimezoneTest.php::`Filter timezone conversion` → it excludes records outside display timezone range" class="Tests\Feature\FilterTimezoneTest" classname="Tests.Feature.FilterTimezoneTest" assertions="1" time="0.446542"/>
      <testcase name="`Filter timezone conversion` → it converts datetime filter value from display timezone to database timezone" file="tests/Feature/FilterTimezoneTest.php::`Filter timezone conversion` → it converts datetime filter value from display timezone to database timezone" class="Tests\Feature\FilterTimezoneTest" classname="Tests.Feature.FilterTimezoneTest" assertions="1" time="0.395631"/>
      <testcase name="`Filter timezone conversion` → it handles DST correctly in summer" file="tests/Feature/FilterTimezoneTest.php::`Filter timezone conversion` → it handles DST correctly in summer" class="Tests\Feature\FilterTimezoneTest" classname="Tests.Feature.FilterTimezoneTest" assertions="1" time="0.406799"/>
      <testcase name="`Filter timezone conversion` → it converts date-only filter with timezone (date boundary shift)" file="tests/Feature/FilterTimezoneTest.php::`Filter timezone conversion` → it converts date-only filter with timezone (date boundary shift)" class="Tests\Feature\FilterTimezoneTest" classname="Tests.Feature.FilterTimezoneTest" assertions="1" time="0.415908"/>
      <testcase name="`Filter timezone conversion` → it does not convert when timezones are the same" file="tests/Feature/FilterTimezoneTest.php::`Filter timezone conversion` → it does not convert when timezones are the same" class="Tests\Feature\FilterTimezoneTest" classname="Tests.Feature.FilterTimezoneTest" assertions="1" time="0.412139"/>
    </testsuite>
    <testsuite name="Tests\Unit\Formatters\EnumFormatterTest" file="tests/Unit/Formatters/EnumFormatterTest.php" tests="12" assertions="12" errors="0" failures="0" skipped="0" time="0.315602">
      <testcase name="`FormatterRegistry enum detection` → it resolves enum string to EnumFormatter via autoDetect" file="tests/Unit/Formatters/EnumFormatterTest.php::`FormatterRegistry enum detection` → it resolves enum string to EnumFormatter via autoDetect" class="Tests\Unit\Formatters\EnumFormatterTest" classname="Tests.Unit.Formatters.EnumFormatterTest" assertions="1" time="0.029462"/>
      <testcase name="`FormatterRegistry enum detection` → it resolves native PHP enum to EnumFormatter" file="tests/Unit/Formatters/EnumFormatterTest.php::`FormatterRegistry enum detection` → it resolves native PHP enum to EnumFormatter" class="Tests\Unit\Formatters\EnumFormatterTest" classname="Tests.Unit.Formatters.EnumFormatterTest" assertions="1" time="0.024987"/>
      <testcase name="`EnumFormatter` → it uses enum case name not backing value for translation" file="tests/Unit/Formatters/EnumFormatterTest.php::`EnumFormatter` → it uses enum case name not backing value for translation" class="Tests\Unit\Formatters\EnumFormatterTest" classname="Tests.Unit.Formatters.EnumFormatterTest" assertions="1" time="0.024502"/>
      <testcase name="`EnumFormatter` → it translates value using Str::headline without enum class" file="tests/Unit/Formatters/EnumFormatterTest.php::`EnumFormatter` → it translates value using Str::headline without enum class" class="Tests\Unit\Formatters\EnumFormatterTest" classname="Tests.Unit.Formatters.EnumFormatterTest" assertions="1" time="0.025757"/>
      <testcase name="`EnumFormatter` → it translates value using enum name when enum class is provided" file="tests/Unit/Formatters/EnumFormatterTest.php::`EnumFormatter` → it translates value using enum name when enum class is provided" class="Tests\Unit\Formatters\EnumFormatterTest" classname="Tests.Unit.Formatters.EnumFormatterTest" assertions="1" time="0.026218"/>
      <testcase name="`FormatterRegistry enum detection` → it isEnum returns true for native PHP enum" file="tests/Unit/Formatters/EnumFormatterTest.php::`FormatterRegistry enum detection` → it isEnum returns true for native PHP enum" class="Tests\Unit\Formatters\EnumFormatterTest" classname="Tests.Unit.Formatters.EnumFormatterTest" assertions="1" time="0.026641"/>
      <testcase name="`EnumFormatter` → it falls back to Str::headline for unknown enum value" file="tests/Unit/Formatters/EnumFormatterTest.php::`EnumFormatter` → it falls back to Str::headline for unknown enum value" class="Tests\Unit\Formatters\EnumFormatterTest" classname="Tests.Unit.Formatters.EnumFormatterTest" assertions="1" time="0.025860"/>
      <testcase name="`EnumFormatter` → it escapes HTML entities" file="tests/Unit/Formatters/EnumFormatterTest.php::`EnumFormatter` → it escapes HTML entities" class="Tests\Unit\Formatters\EnumFormatterTest" classname="Tests.Unit.Formatters.EnumFormatterTest" assertions="1" time="0.025855"/>
      <testcase name="`FormatterRegistry enum detection` → it isEnum returns true for class with tryFrom and cases methods" file="tests/Unit/Formatters/EnumFormatterTest.php::`FormatterRegistry enum detection` → it isEnum returns true for class with tryFrom and cases methods" class="Tests\Unit\Formatters\EnumFormatterTest" classname="Tests.Unit.Formatters.EnumFormatterTest" assertions="1" time="0.025800"/>
      <testcase name="`EnumFormatter` → it prefers the label method over the case name" file="tests/Unit/Formatters/EnumFormatterTest.php::`EnumFormatter` → it prefers the label method over the case name" class="Tests\Unit\Formatters\EnumFormatterTest" classname="Tests.Unit.Formatters.EnumFormatterTest" assertions="1" time="0.026450"/>
      <testcase name="`FormatterRegistry enum detection` → it isEnum returns false for regular class" file="tests/Unit/Formatters/EnumFormatterTest.php::`FormatterRegistry enum detection` → it isEnum returns false for regular class" class="Tests\Unit\Formatters\EnumFormatterTest" classname="Tests.Unit.Formatters.EnumFormatterTest" assertions="1" time="0.027642"/>
      <testcase name="`EnumFormatter` → it returns empty string for null" file="tests/Unit/Formatters/EnumFormatterTest.php::`EnumFormatter` → it returns empty string for null" class="Tests\Unit\Formatters\EnumFormatterTest" classname="Tests.Unit.Formatters.EnumFormatterTest" assertions="1" time="0.026429"/>
    </testsuite>
    <testsuite name="Tests\Feature\IconControllerTest" file="tests/Feature/IconControllerTest.php" tests="12" assertions="19" errors="0" failures="0" skipped="0" time="2.755789">
      <testcase name="`IconController rendering` → renders different icon names" file="tests/Feature/IconControllerTest.php::`IconController rendering` → renders different icon names" class="Tests\Feature\IconControllerTest" classname="Tests.Feature.IconControllerTest" assertions="2" time="0.240049"/>
      <testcase name="`IconController rendering` → renders an icon with outline variant" file="tests/Feature/IconControllerTest.php::`IconController rendering` → renders an icon with outline variant" class="Tests\Feature\IconControllerTest" classname="Tests.Feature.IconControllerTest" assertions="2" time="0.242729"/>
      <testcase name="`IconController rendering` → renders an icon with default solid variant" file="tests/Feature/IconControllerTest.php::`IconController rendering` → renders an icon with default solid variant" class="Tests\Feature\IconControllerTest" classname="Tests.Feature.IconControllerTest" assertions="2" time="0.234856"/>
      <testcase name="`IconController with custom attributes` → accepts width and height attributes" file="tests/Feature/IconControllerTest.php::`IconController with custom attributes` → accepts width and height attributes" class="Tests\Feature\IconControllerTest" classname="Tests.Feature.IconControllerTest" assertions="1" time="0.225302"/>
      <testcase name="`IconController route constraints` → rejects invalid variant values" file="tests/Feature/IconControllerTest.php::`IconController route constraints` → rejects invalid variant values" class="Tests\Feature\IconControllerTest" classname="Tests.Feature.IconControllerTest" assertions="1" time="0.236939"/>
      <testcase name="`IconController route constraints` → accepts outline as valid variant" file="tests/Feature/IconControllerTest.php::`IconController route constraints` → accepts outline as valid variant" class="Tests\Feature\IconControllerTest" classname="Tests.Feature.IconControllerTest" assertions="1" time="0.232063"/>
      <testcase name="`IconController rendering` → renders an icon with solid variant explicitly" file="tests/Feature/IconControllerTest.php::`IconController rendering` → renders an icon with solid variant explicitly" class="Tests\Feature\IconControllerTest" classname="Tests.Feature.IconControllerTest" assertions="2" time="0.230559"/>
      <testcase name="`IconController with custom attributes` → accepts class attribute" file="tests/Feature/IconControllerTest.php::`IconController with custom attributes` → accepts class attribute" class="Tests\Feature\IconControllerTest" classname="Tests.Feature.IconControllerTest" assertions="2" time="0.227984"/>
      <testcase name="`IconController with custom attributes` → accepts style attribute" file="tests/Feature/IconControllerTest.php::`IconController with custom attributes` → accepts style attribute" class="Tests\Feature\IconControllerTest" classname="Tests.Feature.IconControllerTest" assertions="1" time="0.217096"/>
      <testcase name="`IconController response headers` → includes max-age cache header" file="tests/Feature/IconControllerTest.php::`IconController response headers` → includes max-age cache header" class="Tests\Feature\IconControllerTest" classname="Tests.Feature.IconControllerTest" assertions="2" time="0.221647"/>
      <testcase name="`IconController response headers` → includes cache-control header with public directive" file="tests/Feature/IconControllerTest.php::`IconController response headers` → includes cache-control header with public directive" class="Tests\Feature\IconControllerTest" classname="Tests.Feature.IconControllerTest" assertions="2" time="0.219574"/>
      <testcase name="`IconController route constraints` → accepts solid as valid variant" file="tests/Feature/IconControllerTest.php::`IconController route constraints` → accepts solid as valid variant" class="Tests\Feature\IconControllerTest" classname="Tests.Feature.IconControllerTest" assertions="1" time="0.226988"/>
    </testsuite>
    <testsuite name="Tests\Unit\Casts\MoneyTest" file="tests/Unit/Casts/MoneyTest.php" tests="25" assertions="46" errors="0" failures="0" skipped="0" time="4.555993">
      <testcase name="`Money Cast` → it handles very small decimal values" file="tests/Unit/Casts/MoneyTest.php::`Money Cast` → it handles very small decimal values" class="Tests\Unit\Casts\MoneyTest" classname="Tests.Unit.Casts.MoneyTest" assertions="2" time="0.231317"/>
      <testcase name="`Money Cast Type Safety` → it works with aggregate functions" file="tests/Unit/Casts/MoneyTest.php::`Money Cast Type Safety` → it works with aggregate functions" class="Tests\Unit\Casts\MoneyTest" classname="Tests.Unit.Casts.MoneyTest" assertions="2" time="0.626801"/>
      <testcase name="`Money Cast Direct Methods` → it handles many decimal places" file="tests/Unit/Casts/MoneyTest.php::`Money Cast Direct Methods` → it handles many decimal places" class="Tests\Unit\Casts\MoneyTest" classname="Tests.Unit.Casts.MoneyTest" assertions="1" time="0.220259"/>
      <testcase name="`Money Cast Type Safety` → it ensures type consistency across database operations" file="tests/Unit/Casts/MoneyTest.php::`Money Cast Type Safety` → it ensures type consistency across database operations" class="Tests\Unit\Casts\MoneyTest" classname="Tests.Unit.Casts.MoneyTest" assertions="4" time="0.218838"/>
      <testcase name="`Money Cast Direct Methods` → it delegates to attribute mutator when model has one" file="tests/Unit/Casts/MoneyTest.php::`Money Cast Direct Methods` → it delegates to attribute mutator when model has one" class="Tests\Unit\Casts\MoneyTest" classname="Tests.Unit.Casts.MoneyTest" assertions="1" time="0.029066"/>
      <testcase name="`Money Cast` → it handles string numeric values" file="tests/Unit/Casts/MoneyTest.php::`Money Cast` → it handles string numeric values" class="Tests\Unit\Casts\MoneyTest" classname="Tests.Unit.Casts.MoneyTest" assertions="2" time="0.224724"/>
      <testcase name="`Money Cast` → it casts decimal to float preserving decimal places" file="tests/Unit/Casts/MoneyTest.php::`Money Cast` → it casts decimal to float preserving decimal places" class="Tests\Unit\Casts\MoneyTest" classname="Tests.Unit.Casts.MoneyTest" assertions="2" time="0.224055"/>
      <testcase name="`Money Cast Type Safety` → it casts correctly when using query builder" file="tests/Unit/Casts/MoneyTest.php::`Money Cast Type Safety` → it casts correctly when using query builder" class="Tests\Unit\Casts\MoneyTest" classname="Tests.Unit.Casts.MoneyTest" assertions="1" time="0.225856"/>
      <testcase name="`Money Cast` → it handles zero value" file="tests/Unit/Casts/MoneyTest.php::`Money Cast` → it handles zero value" class="Tests\Unit\Casts\MoneyTest" classname="Tests.Unit.Casts.MoneyTest" assertions="2" time="0.225417"/>
      <testcase name="`Money Cast` → it pads integer to two decimal places" file="tests/Unit/Casts/MoneyTest.php::`Money Cast` → it pads integer to two decimal places" class="Tests\Unit\Casts\MoneyTest" classname="Tests.Unit.Casts.MoneyTest" assertions="1" time="0.225899"/>
      <testcase name="`Money Cast` → it handles negative values" file="tests/Unit/Casts/MoneyTest.php::`Money Cast` → it handles negative values" class="Tests\Unit\Casts\MoneyTest" classname="Tests.Unit.Casts.MoneyTest" assertions="2" time="0.236021"/>
      <testcase name="`Money Cast Direct Methods` → it set method passes value through unchanged" file="tests/Unit/Casts/MoneyTest.php::`Money Cast Direct Methods` → it set method passes value through unchanged" class="Tests\Unit\Casts\MoneyTest" classname="Tests.Unit.Casts.MoneyTest" assertions="3" time="0.029336"/>
      <testcase name="`Money Cast Persistence` → it handles multiple updates correctly" file="tests/Unit/Casts/MoneyTest.php::`Money Cast Persistence` → it handles multiple updates correctly" class="Tests\Unit\Casts\MoneyTest" classname="Tests.Unit.Casts.MoneyTest" assertions="3" time="0.236282"/>
      <testcase name="`Money Cast` → it implements HasFrontendFormatter interface" file="tests/Unit/Casts/MoneyTest.php::`Money Cast` → it implements HasFrontendFormatter interface" class="Tests\Unit\Casts\MoneyTest" classname="Tests.Unit.Casts.MoneyTest" assertions="1" time="0.067198"/>
      <testcase name="`Money Cast Direct Methods` → it handles non-numeric string without throwing ValueError" file="tests/Unit/Casts/MoneyTest.php::`Money Cast Direct Methods` → it handles non-numeric string without throwing ValueError" class="Tests\Unit\Casts\MoneyTest" classname="Tests.Unit.Casts.MoneyTest" assertions="2" time="0.026918"/>
      <testcase name="`Money Cast` → it handles very large values" file="tests/Unit/Casts/MoneyTest.php::`Money Cast` → it handles very large values" class="Tests\Unit\Casts\MoneyTest" classname="Tests.Unit.Casts.MoneyTest" assertions="2" time="0.223077"/>
      <testcase name="`Money Cast` → it handles null by returning 0.00" file="tests/Unit/Casts/MoneyTest.php::`Money Cast` → it handles null by returning 0.00" class="Tests\Unit\Casts\MoneyTest" classname="Tests.Unit.Casts.MoneyTest" assertions="2" time="0.238896"/>
      <testcase name="`Money Cast Direct Methods` → it getFrontendFormatter returns money" file="tests/Unit/Casts/MoneyTest.php::`Money Cast Direct Methods` → it getFrontendFormatter returns money" class="Tests\Unit\Casts\MoneyTest" classname="Tests.Unit.Casts.MoneyTest" assertions="2" time="0.027704"/>
      <testcase name="`Money Cast Direct Methods` → it handles decimal string with tiny fractional artifact without throwing" file="tests/Unit/Casts/MoneyTest.php::`Money Cast Direct Methods` → it handles decimal string with tiny fractional artifact without throwing" class="Tests\Unit\Casts\MoneyTest" classname="Tests.Unit.Casts.MoneyTest" assertions="1" time="0.028490"/>
      <testcase name="`Money Cast` → it returns money formatter name" file="tests/Unit/Casts/MoneyTest.php::`Money Cast` → it returns money formatter name" class="Tests\Unit\Casts\MoneyTest" classname="Tests.Unit.Casts.MoneyTest" assertions="1" time="0.028015"/>
      <testcase name="`Money Cast` → it casts integer to float with two decimal places" file="tests/Unit/Casts/MoneyTest.php::`Money Cast` → it casts integer to float with two decimal places" class="Tests\Unit\Casts\MoneyTest" classname="Tests.Unit.Casts.MoneyTest" assertions="2" time="0.238107"/>
      <testcase name="`Money Cast` → it preserves decimal places for non-whole numbers" file="tests/Unit/Casts/MoneyTest.php::`Money Cast` → it preserves decimal places for non-whole numbers" class="Tests\Unit\Casts\MoneyTest" classname="Tests.Unit.Casts.MoneyTest" assertions="1" time="0.230566"/>
      <testcase name="`Money Cast Direct Methods` → it handles empty string without throwing ValueError" file="tests/Unit/Casts/MoneyTest.php::`Money Cast Direct Methods` → it handles empty string without throwing ValueError" class="Tests\Unit\Casts\MoneyTest" classname="Tests.Unit.Casts.MoneyTest" assertions="2" time="0.026996"/>
      <testcase name="`Money Cast Persistence` → it stores value as provided" file="tests/Unit/Casts/MoneyTest.php::`Money Cast Persistence` → it stores value as provided" class="Tests\Unit\Casts\MoneyTest" classname="Tests.Unit.Casts.MoneyTest" assertions="2" time="0.223508"/>
      <testcase name="`Money Cast Persistence` → it persists changes to database" file="tests/Unit/Casts/MoneyTest.php::`Money Cast Persistence` → it persists changes to database" class="Tests\Unit\Casts\MoneyTest" classname="Tests.Unit.Casts.MoneyTest" assertions="2" time="0.242646"/>
    </testsuite>
    <testsuite name="Tests\Feature\SupportsSelectingTest" file="tests/Feature/SupportsSelectingTest.php" tests="31" assertions="52" errors="0" failures="0" skipped="0" time="12.758015">
      <testcase name="`SupportsSelecting` → `toggleSelected` → it re-indexes selected array after removal" file="tests/Feature/SupportsSelectingTest.php::`SupportsSelecting` → `toggleSelected` → it re-indexes selected array after removal" class="Tests\Feature\SupportsSelectingTest" classname="Tests.Feature.SupportsSelectingTest" assertions="3" time="0.418161"/>
      <testcase name="`SupportsSelecting` → `getSelectedModelsQuery` → it scopes query to selected values" file="tests/Feature/SupportsSelectingTest.php::`SupportsSelecting` → `getSelectedModelsQuery` → it scopes query to selected values" class="Tests\Feature\SupportsSelectingTest" classname="Tests.Feature.SupportsSelectingTest" assertions="1" time="0.386935"/>
      <testcase name="`SupportsSelecting` → `isSelectable property` → it defaults to false on base datatable" file="tests/Feature/SupportsSelectingTest.php::`SupportsSelecting` → `isSelectable property` → it defaults to false on base datatable" class="Tests\Feature\SupportsSelectingTest" classname="Tests.Feature.SupportsSelectingTest" assertions="1" time="0.354787"/>
      <testcase name="`SupportsSelecting` → `toggleSelected` → it adds an item to selected" file="tests/Feature/SupportsSelectingTest.php::`SupportsSelecting` → `toggleSelected` → it adds an item to selected" class="Tests\Feature\SupportsSelectingTest" classname="Tests.Feature.SupportsSelectingTest" assertions="1" time="0.367945"/>
      <testcase name="`SupportsSelecting` → `wildcard select behavior in loadData` → it resolves wildcard to actual ids via getSelectedValues" file="tests/Feature/SupportsSelectingTest.php::`SupportsSelecting` → `wildcard select behavior in loadData` → it resolves wildcard to actual ids via getSelectedValues" class="Tests\Feature\SupportsSelectingTest" classname="Tests.Feature.SupportsSelectingTest" assertions="3" time="0.502808"/>
      <testcase name="`SupportsSelecting` → `getSelectedValues` → it returns selected array when no wildcard" file="tests/Feature/SupportsSelectingTest.php::`SupportsSelecting` → `getSelectedValues` → it returns selected array when no wildcard" class="Tests\Feature\SupportsSelectingTest" classname="Tests.Feature.SupportsSelectingTest" assertions="3" time="0.376809"/>
      <testcase name="`SupportsSelecting` → `isSelectable property` → it can be set to true" file="tests/Feature/SupportsSelectingTest.php::`SupportsSelecting` → `isSelectable property` → it can be set to true" class="Tests\Feature\SupportsSelectingTest" classname="Tests.Feature.SupportsSelectingTest" assertions="1" time="0.353300"/>
      <testcase name="`SupportsSelecting` → `selected property` → it defaults to empty array" file="tests/Feature/SupportsSelectingTest.php::`SupportsSelecting` → `selected property` → it defaults to empty array" class="Tests\Feature\SupportsSelectingTest" classname="Tests.Feature.SupportsSelectingTest" assertions="1" time="0.357697"/>
      <testcase name="`SupportsSelecting` → `getSelectedValues` → it returns all ids when wildcard selected with no exclusions" file="tests/Feature/SupportsSelectingTest.php::`SupportsSelecting` → `getSelectedValues` → it returns all ids when wildcard selected with no exclusions" class="Tests\Feature\SupportsSelectingTest" classname="Tests.Feature.SupportsSelectingTest" assertions="2" time="0.478253"/>
      <testcase name="`SupportsSelecting` → `getSelectedModelsQuery` → it returns a query builder" file="tests/Feature/SupportsSelectingTest.php::`SupportsSelecting` → `getSelectedModelsQuery` → it returns a query builder" class="Tests\Feature\SupportsSelectingTest" classname="Tests.Feature.SupportsSelectingTest" assertions="1" time="0.360532"/>
      <testcase name="`SupportsSelecting` → `toggleSelected` → it removes an item from selected when already present" file="tests/Feature/SupportsSelectingTest.php::`SupportsSelecting` → `toggleSelected` → it removes an item from selected when already present" class="Tests\Feature\SupportsSelectingTest" classname="Tests.Feature.SupportsSelectingTest" assertions="1" time="0.371371"/>
      <testcase name="`SupportsSelecting` → `toggleSelected` → it adds item to wildcardSelectExcluded when deselecting in wildcard mode" file="tests/Feature/SupportsSelectingTest.php::`SupportsSelecting` → `toggleSelected` → it adds item to wildcardSelectExcluded when deselecting in wildcard mode" class="Tests\Feature\SupportsSelectingTest" classname="Tests.Feature.SupportsSelectingTest" assertions="1" time="0.466073"/>
      <testcase name="`SupportsSelecting` → `selection resets` → it resets selected on startSearch" file="tests/Feature/SupportsSelectingTest.php::`SupportsSelecting` → `selection resets` → it resets selected on startSearch" class="Tests\Feature\SupportsSelectingTest" classname="Tests.Feature.SupportsSelectingTest" assertions="1" time="0.385906"/>
      <testcase name="`SupportsSelecting` → `getSelectedActions` → it returns empty array by default" file="tests/Feature/SupportsSelectingTest.php::`SupportsSelecting` → `getSelectedActions` → it returns empty array by default" class="Tests\Feature\SupportsSelectingTest" classname="Tests.Feature.SupportsSelectingTest" assertions="1" time="0.366554"/>
      <testcase name="`SupportsSelecting` → `toggleSelected` → it works with string values" file="tests/Feature/SupportsSelectingTest.php::`SupportsSelecting` → `toggleSelected` → it works with string values" class="Tests\Feature\SupportsSelectingTest" classname="Tests.Feature.SupportsSelectingTest" assertions="2" time="0.376952"/>
      <testcase name="`SupportsSelecting` → `getSelectAttributes` → it returns empty bag by default" file="tests/Feature/SupportsSelectingTest.php::`SupportsSelecting` → `getSelectAttributes` → it returns empty bag by default" class="Tests\Feature\SupportsSelectingTest" classname="Tests.Feature.SupportsSelectingTest" assertions="1" time="0.384453"/>
      <testcase name="`SupportsSelecting` → `selectedIndex property` → it defaults to empty array" file="tests/Feature/SupportsSelectingTest.php::`SupportsSelecting` → `selectedIndex property` → it defaults to empty array" class="Tests\Feature\SupportsSelectingTest" classname="Tests.Feature.SupportsSelectingTest" assertions="1" time="0.365324"/>
      <testcase name="`SupportsSelecting` → `getSelectedModels` → it returns empty collection when nothing selected" file="tests/Feature/SupportsSelectingTest.php::`SupportsSelecting` → `getSelectedModels` → it returns empty collection when nothing selected" class="Tests\Feature\SupportsSelectingTest" classname="Tests.Feature.SupportsSelectingTest" assertions="1" time="0.367306"/>
      <testcase name="`SupportsSelecting` → `wildcardSelectExcluded property` → it defaults to empty array" file="tests/Feature/SupportsSelectingTest.php::`SupportsSelecting` → `wildcardSelectExcluded property` → it defaults to empty array" class="Tests\Feature\SupportsSelectingTest" classname="Tests.Feature.SupportsSelectingTest" assertions="1" time="0.357616"/>
      <testcase name="`SupportsSelecting` → `getSelectAttributes` → it returns a ComponentAttributeBag" file="tests/Feature/SupportsSelectingTest.php::`SupportsSelecting` → `getSelectAttributes` → it returns a ComponentAttributeBag" class="Tests\Feature\SupportsSelectingTest" classname="Tests.Feature.SupportsSelectingTest" assertions="1" time="0.356989"/>
      <testcase name="`SupportsSelecting` → `config includes selectable` → it includes selectable in config when enabled" file="tests/Feature/SupportsSelectingTest.php::`SupportsSelecting` → `config includes selectable` → it includes selectable in config when enabled" class="Tests\Feature\SupportsSelectingTest" classname="Tests.Feature.SupportsSelectingTest" assertions="2" time="0.355157"/>
      <testcase name="`SupportsSelecting` → `getSelectedModels` → it returns models for selected ids" file="tests/Feature/SupportsSelectingTest.php::`SupportsSelecting` → `getSelectedModels` → it returns models for selected ids" class="Tests\Feature\SupportsSelectingTest" classname="Tests.Feature.SupportsSelectingTest" assertions="3" time="0.365184"/>
      <testcase name="`SupportsSelecting` → `config includes selectable` → it includes selectable as false when disabled" file="tests/Feature/SupportsSelectingTest.php::`SupportsSelecting` → `config includes selectable` → it includes selectable as false when disabled" class="Tests\Feature\SupportsSelectingTest" classname="Tests.Feature.SupportsSelectingTest" assertions="2" time="0.345856"/>
      <testcase name="`SupportsSelecting` → `wildcard select behavior in loadData` → it excludes wildcardSelectExcluded via getSelectedValues" file="tests/Feature/SupportsSelectingTest.php::`SupportsSelecting` → `wildcard select behavior in loadData` → it excludes wildcardSelectExcluded via getSelectedValues" class="Tests\Feature\SupportsSelectingTest" classname="Tests.Feature.SupportsSelectingTest" assertions="3" time="0.587174"/>
      <testcase name="`SupportsSelecting` → `wildcard select behavior in loadData` → it keeps wildcard as-is on loadData without expanding IDs" file="tests/Feature/SupportsSelectingTest.php::`SupportsSelecting` → `wildcard select behavior in loadData` → it keeps wildcard as-is on loadData without expanding IDs" class="Tests\Feature\SupportsSelectingTest" classname="Tests.Feature.SupportsSelectingTest" assertions="1" time="0.489758"/>
      <testcase name="`SupportsSelecting` → `toggleSelected` → it removes item from wildcardSelectExcluded when re-selecting in wildcard mode" file="tests/Feature/SupportsSelectingTest.php::`SupportsSelecting` → `toggleSelected` → it removes item from wildcardSelectExcluded when re-selecting in wildcard mode" class="Tests\Feature\SupportsSelectingTest" classname="Tests.Feature.SupportsSelectingTest" assertions="1" time="0.465736"/>
      <testcase name="`SupportsSelecting` → `getSelectedValues` → it returns all ids minus excluded when wildcard is selected" file="tests/Feature/SupportsSelectingTest.php::`SupportsSelecting` → `getSelectedValues` → it returns all ids minus excluded when wildcard is selected" class="Tests\Feature\SupportsSelectingTest" classname="Tests.Feature.SupportsSelectingTest" assertions="3" time="0.585322"/>
      <testcase name="`SupportsSelecting` → `toggleSelected` → it can select multiple items" file="tests/Feature/SupportsSelectingTest.php::`SupportsSelecting` → `toggleSelected` → it can select multiple items" class="Tests\Feature\SupportsSelectingTest" classname="Tests.Feature.SupportsSelectingTest" assertions="4" time="0.382588"/>
      <testcase name="`SupportsSelecting` → `wildcard select with pagination` → it wildcard stays compact regardless of record count" file="tests/Feature/SupportsSelectingTest.php::`SupportsSelecting` → `wildcard select with pagination` → it wildcard stays compact regardless of record count" class="Tests\Feature\SupportsSelectingTest" classname="Tests.Feature.SupportsSelectingTest" assertions="2" time="0.665827"/>
      <testcase name="`SupportsSelecting` → `getSelectValue` → it returns default based on modelKeyName" file="tests/Feature/SupportsSelectingTest.php::`SupportsSelecting` → `getSelectValue` → it returns default based on modelKeyName" class="Tests\Feature\SupportsSelectingTest" classname="Tests.Feature.SupportsSelectingTest" assertions="1" time="0.384054"/>
      <testcase name="`SupportsSelecting` → `toggleSelected` → it removes item from selected when deselecting without wildcard" file="tests/Feature/SupportsSelectingTest.php::`SupportsSelecting` → `toggleSelected` → it removes item from selected when deselecting without wildcard" class="Tests\Feature\SupportsSelectingTest" classname="Tests.Feature.SupportsSelectingTest" assertions="2" time="0.375588"/>
    </testsuite>
    <testsuite name="Tests\Feature\HeadCellWrapTest" file="tests/Feature/HeadCellWrapTest.php" tests="5" assertions="11" errors="0" failures="0" skipped="0" time="1.674507">
      <testcase name="`Column label wrapping` → it keeps column labels on one line by default" file="tests/Feature/HeadCellWrapTest.php::`Column label wrapping` → it keeps column labels on one line by default" class="Tests\Feature\HeadCellWrapTest" classname="Tests.Feature.HeadCellWrapTest" assertions="3" time="0.427512"/>
      <testcase name="`Column label wrapping` → it leaves the data cells on one line" file="tests/Feature/HeadCellWrapTest.php::`Column label wrapping` → it leaves the data cells on one line" class="Tests\Feature\HeadCellWrapTest" classname="Tests.Feature.HeadCellWrapTest" assertions="2" time="0.235229"/>
      <testcase name="`Column label wrapping` → it lets a data table opt its column labels into wrapping" file="tests/Feature/HeadCellWrapTest.php::`Column label wrapping` → it lets a data table opt its column labels into wrapping" class="Tests\Feature\HeadCellWrapTest" classname="Tests.Feature.HeadCellWrapTest" assertions="3" time="0.387191"/>
      <testcase name="`Column label wrapping` → it renders a head cell on one line unless it is told to wrap" file="tests/Feature/HeadCellWrapTest.php::`Column label wrapping` → it renders a head cell on one line unless it is told to wrap" class="Tests\Feature\HeadCellWrapTest" classname="Tests.Feature.HeadCellWrapTest" assertions="2" time="0.238661"/>
      <testcase name="`Column label wrapping` → it leaves the other head cells on one line when a table opts in" file="tests/Feature/HeadCellWrapTest.php::`Column label wrapping` → it leaves the other head cells on one line when a table opts in" class="Tests\Feature\HeadCellWrapTest" classname="Tests.Feature.HeadCellWrapTest" assertions="1" time="0.385913"/>
    </testsuite>
    <testsuite name="Tests\Feature\DefaultColumnsTest" file="tests/Feature/DefaultColumnsTest.php" tests="20" assertions="29" errors="0" failures="0" skipped="0" time="13.377846">
      <testcase name="`Global Default Columns` → `canSaveDefaultColumns gate` → it renders button when gate is true" file="tests/Feature/DefaultColumnsTest.php::`Global Default Columns` → `canSaveDefaultColumns gate` → it renders button when gate is true" class="Tests\Feature\DefaultColumnsTest" classname="Tests.Feature.DefaultColumnsTest" assertions="1" time="0.596536"/>
      <testcase name="`Global Default Columns` → `canSaveDefaultColumns gate` → it renders Set as Default button with dialog invoking saveDefaultColumns with bool flag (Livewire v4)" file="tests/Feature/DefaultColumnsTest.php::`Global Default Columns` → `canSaveDefaultColumns gate` → it renders Set as Default button with dialog invoking saveDefaultColumns with bool flag (Livewire v4)" class="Tests\Feature\DefaultColumnsTest" classname="Tests.Feature.DefaultColumnsTest" assertions="3" time="0.584553"/>
      <testcase name="`Global Default Columns` → `canSaveDefaultColumns gate` → it returns false by default" file="tests/Feature/DefaultColumnsTest.php::`Global Default Columns` → `canSaveDefaultColumns gate` → it returns false by default" class="Tests\Feature\DefaultColumnsTest" classname="Tests.Feature.DefaultColumnsTest" assertions="1" time="0.576054"/>
      <testcase name="`Global Default Columns` → `saveDefaultColumns` → it overwrites default set by another user" file="tests/Feature/DefaultColumnsTest.php::`Global Default Columns` → `saveDefaultColumns` → it overwrites default set by another user" class="Tests\Feature\DefaultColumnsTest" classname="Tests.Feature.DefaultColumnsTest" assertions="2" time="0.963040"/>
      <testcase name="`Global Default Columns` → `canSaveDefaultColumns gate` → it renders Reset Layout button calling the alpine wrapper, not $wire directly" file="tests/Feature/DefaultColumnsTest.php::`Global Default Columns` → `canSaveDefaultColumns gate` → it renders Reset Layout button calling the alpine wrapper, not $wire directly" class="Tests\Feature\DefaultColumnsTest" classname="Tests.Feature.DefaultColumnsTest" assertions="3" time="0.583227"/>
      <testcase name="`Global Default Columns` → `saveDefaultColumns` → it saves current enabledCols as global default" file="tests/Feature/DefaultColumnsTest.php::`Global Default Columns` → `saveDefaultColumns` → it saves current enabledCols as global default" class="Tests\Feature\DefaultColumnsTest" classname="Tests.Feature.DefaultColumnsTest" assertions="2" time="0.719352"/>
      <testcase name="`Global Default Columns` → `canSaveDefaultColumns gate` → it silently no-ops saveDefaultColumns when gate is false" file="tests/Feature/DefaultColumnsTest.php::`Global Default Columns` → `canSaveDefaultColumns gate` → it silently no-ops saveDefaultColumns when gate is false" class="Tests\Feature\DefaultColumnsTest" classname="Tests.Feature.DefaultColumnsTest" assertions="1" time="0.593283"/>
      <testcase name="`Global Default Columns` → `resetLayout` → it resets to global default columns" file="tests/Feature/DefaultColumnsTest.php::`Global Default Columns` → `resetLayout` → it resets to global default columns" class="Tests\Feature\DefaultColumnsTest" classname="Tests.Feature.DefaultColumnsTest" assertions="1" time="0.718752"/>
      <testcase name="`Global Default Columns` → `canSaveDefaultColumns gate` → it does not render button when gate is false" file="tests/Feature/DefaultColumnsTest.php::`Global Default Columns` → `canSaveDefaultColumns gate` → it does not render button when gate is false" class="Tests\Feature\DefaultColumnsTest" classname="Tests.Feature.DefaultColumnsTest" assertions="1" time="0.581276"/>
      <testcase name="`Global Default Columns` → `saveDefaultColumns` → `with resetOtherUserLayouts flag` → it deletes all is_layout rows for the same component when true" file="tests/Feature/DefaultColumnsTest.php::`Global Default Columns` → `saveDefaultColumns` → `with resetOtherUserLayouts flag` → it deletes all is_layout rows for the same component when true" class="Tests\Feature\DefaultColumnsTest" classname="Tests.Feature.DefaultColumnsTest" assertions="2" time="0.724485"/>
      <testcase name="`Global Default Columns` → `saveDefaultColumns` → `with resetOtherUserLayouts flag` → it keeps is_layout rows when flag is false (default)" file="tests/Feature/DefaultColumnsTest.php::`Global Default Columns` → `saveDefaultColumns` → `with resetOtherUserLayouts flag` → it keeps is_layout rows when flag is false (default)" class="Tests\Feature\DefaultColumnsTest" classname="Tests.Feature.DefaultColumnsTest" assertions="1" time="0.718899"/>
      <testcase name="`Global Default Columns` → `loading global defaults on mount` → it permanent filter takes precedence over global default" file="tests/Feature/DefaultColumnsTest.php::`Global Default Columns` → `loading global defaults on mount` → it permanent filter takes precedence over global default" class="Tests\Feature\DefaultColumnsTest" classname="Tests.Feature.DefaultColumnsTest" assertions="1" time="0.580780"/>
      <testcase name="`Global Default Columns` → `saveDefaultColumns` → `with resetOtherUserLayouts flag` → it silently no-ops when gate is false even with reset flag" file="tests/Feature/DefaultColumnsTest.php::`Global Default Columns` → `saveDefaultColumns` → `with resetOtherUserLayouts flag` → it silently no-ops when gate is false even with reset flag" class="Tests\Feature\DefaultColumnsTest" classname="Tests.Feature.DefaultColumnsTest" assertions="2" time="0.599442"/>
      <testcase name="`Global Default Columns` → `saveDefaultColumns` → `with resetOtherUserLayouts flag` → it does not delete saved filter rows (is_layout=false) when flag is true" file="tests/Feature/DefaultColumnsTest.php::`Global Default Columns` → `saveDefaultColumns` → `with resetOtherUserLayouts flag` → it does not delete saved filter rows (is_layout=false) when flag is true" class="Tests\Feature\DefaultColumnsTest" classname="Tests.Feature.DefaultColumnsTest" assertions="1" time="0.688068"/>
      <testcase name="`Global Default Columns` → `saveDefaultColumns` → it only keeps one default per component" file="tests/Feature/DefaultColumnsTest.php::`Global Default Columns` → `saveDefaultColumns` → it only keeps one default per component" class="Tests\Feature\DefaultColumnsTest" classname="Tests.Feature.DefaultColumnsTest" assertions="2" time="0.806680"/>
      <testcase name="`Global Default Columns` → `saveDefaultColumns` → `with resetOtherUserLayouts flag` → it does not touch layouts of unrelated components when flag is true" file="tests/Feature/DefaultColumnsTest.php::`Global Default Columns` → `saveDefaultColumns` → `with resetOtherUserLayouts flag` → it does not touch layouts of unrelated components when flag is true" class="Tests\Feature\DefaultColumnsTest" classname="Tests.Feature.DefaultColumnsTest" assertions="1" time="0.704892"/>
      <testcase name="`Global Default Columns` → `deleteDefaultColumns` → it silently no-ops when gate is false" file="tests/Feature/DefaultColumnsTest.php::`Global Default Columns` → `deleteDefaultColumns` → it silently no-ops when gate is false" class="Tests\Feature\DefaultColumnsTest" classname="Tests.Feature.DefaultColumnsTest" assertions="1" time="0.619303"/>
      <testcase name="`Global Default Columns` → `resetLayout` → it resets to component defaults when no global default exists" file="tests/Feature/DefaultColumnsTest.php::`Global Default Columns` → `resetLayout` → it resets to component defaults when no global default exists" class="Tests\Feature\DefaultColumnsTest" classname="Tests.Feature.DefaultColumnsTest" assertions="1" time="0.727581"/>
      <testcase name="`Global Default Columns` → `loading global defaults on mount` → it loads global default columns for any user" file="tests/Feature/DefaultColumnsTest.php::`Global Default Columns` → `loading global defaults on mount` → it loads global default columns for any user" class="Tests\Feature\DefaultColumnsTest" classname="Tests.Feature.DefaultColumnsTest" assertions="1" time="0.573064"/>
      <testcase name="`Global Default Columns` → `deleteDefaultColumns` → it deletes the global default" file="tests/Feature/DefaultColumnsTest.php::`Global Default Columns` → `deleteDefaultColumns` → it deletes the global default" class="Tests\Feature\DefaultColumnsTest" classname="Tests.Feature.DefaultColumnsTest" assertions="1" time="0.718578"/>
    </testsuite>
    <testsuite name="Tests\Unit\Support\ColumnResolverTest" file="tests/Unit/Support/ColumnResolverTest.php" tests="34" assertions="101" errors="0" failures="0" skipped="0" time="0.977109">
      <testcase name="`ColumnResolver::getInputType` → it handles dot-notation relation columns" file="tests/Unit/Support/ColumnResolverTest.php::`ColumnResolver::getInputType` → it handles dot-notation relation columns" class="Tests\Unit\Support\ColumnResolverTest" classname="Tests.Unit.Support.ColumnResolverTest" assertions="1" time="0.048180"/>
      <testcase name="`ColumnResolver with User model` → it discovers user columns" file="tests/Unit/Support/ColumnResolverTest.php::`ColumnResolver with User model` → it discovers user columns" class="Tests\Unit\Support\ColumnResolverTest" classname="Tests.Unit.Support.ColumnResolverTest" assertions="2" time="0.024757"/>
      <testcase name="`ColumnResolver::getLabel edge cases` → it returns headline of last segment for deep nested columns" file="tests/Unit/Support/ColumnResolverTest.php::`ColumnResolver::getLabel edge cases` → it returns headline of last segment for deep nested columns" class="Tests\Unit\Support\ColumnResolverTest" classname="Tests.Unit.Support.ColumnResolverTest" assertions="1" time="0.025110"/>
      <testcase name="`ColumnResolver::getInputType fallback to schemaInfo` → it returns text for model instance instead of class string" file="tests/Unit/Support/ColumnResolverTest.php::`ColumnResolver::getInputType fallback to schemaInfo` → it returns text for model instance instead of class string" class="Tests\Unit\Support\ColumnResolverTest" classname="Tests.Unit.Support.ColumnResolverTest" assertions="1" time="0.028749"/>
      <testcase name="`ColumnResolver with Product model` → it discovers product columns with cast info" file="tests/Unit/Support/ColumnResolverTest.php::`ColumnResolver with Product model` → it discovers product columns with cast info" class="Tests\Unit\Support\ColumnResolverTest" classname="Tests.Unit.Support.ColumnResolverTest" assertions="5" time="0.033910"/>
      <testcase name="`ColumnResolver::getLabel` → it uses last segment for dot-notation columns" file="tests/Unit/Support/ColumnResolverTest.php::`ColumnResolver::getLabel` → it uses last segment for dot-notation columns" class="Tests\Unit\Support\ColumnResolverTest" classname="Tests.Unit.Support.ColumnResolverTest" assertions="1" time="0.026045"/>
      <testcase name="`ColumnResolver::getLabel` → it returns headline-cased label when no translation exists" file="tests/Unit/Support/ColumnResolverTest.php::`ColumnResolver::getLabel` → it returns headline-cased label when no translation exists" class="Tests\Unit\Support\ColumnResolverTest" classname="Tests.Unit.Support.ColumnResolverTest" assertions="1" time="0.025140"/>
      <testcase name="`ColumnResolver::getInputType` → it detects text type for unknown column" file="tests/Unit/Support/ColumnResolverTest.php::`ColumnResolver::getInputType` → it detects text type for unknown column" class="Tests\Unit\Support\ColumnResolverTest" classname="Tests.Unit.Support.ColumnResolverTest" assertions="1" time="0.026961"/>
      <testcase name="`ColumnResolver::getInputType cast mapping` → it resolves casts from related model for dot-notation" file="tests/Unit/Support/ColumnResolverTest.php::`ColumnResolver::getInputType cast mapping` → it resolves casts from related model for dot-notation" class="Tests\Unit\Support\ColumnResolverTest" classname="Tests.Unit.Support.ColumnResolverTest" assertions="1" time="0.027773"/>
      <testcase name="`ColumnResolver::getInputType` → it detects text type for title" file="tests/Unit/Support/ColumnResolverTest.php::`ColumnResolver::getInputType` → it detects text type for title" class="Tests\Unit\Support\ColumnResolverTest" classname="Tests.Unit.Support.ColumnResolverTest" assertions="1" time="0.029553"/>
      <testcase name="`ColumnResolver::getInputType cast mapping` → it maps integer cast to number" file="tests/Unit/Support/ColumnResolverTest.php::`ColumnResolver::getInputType cast mapping` → it maps integer cast to number" class="Tests\Unit\Support\ColumnResolverTest" classname="Tests.Unit.Support.ColumnResolverTest" assertions="1" time="0.028269"/>
      <testcase name="`ColumnResolver::getInputType` → it detects datetime type for updated_at" file="tests/Unit/Support/ColumnResolverTest.php::`ColumnResolver::getInputType` → it detects datetime type for updated_at" class="Tests\Unit\Support\ColumnResolverTest" classname="Tests.Unit.Support.ColumnResolverTest" assertions="1" time="0.026175"/>
      <testcase name="`ColumnResolver::getColumns` → it includes id column" file="tests/Unit/Support/ColumnResolverTest.php::`ColumnResolver::getColumns` → it includes id column" class="Tests\Unit\Support\ColumnResolverTest" classname="Tests.Unit.Support.ColumnResolverTest" assertions="1" time="0.027098"/>
      <testcase name="`ColumnResolver::getLabel edge cases` → it returns headline for deep dot notation" file="tests/Unit/Support/ColumnResolverTest.php::`ColumnResolver::getLabel edge cases` → it returns headline for deep dot notation" class="Tests\Unit\Support\ColumnResolverTest" classname="Tests.Unit.Support.ColumnResolverTest" assertions="1" time="0.026638"/>
      <testcase name="`ColumnResolver::getInputType` → it detects boolean type for is_published" file="tests/Unit/Support/ColumnResolverTest.php::`ColumnResolver::getInputType` → it detects boolean type for is_published" class="Tests\Unit\Support\ColumnResolverTest" classname="Tests.Unit.Support.ColumnResolverTest" assertions="1" time="0.033323"/>
      <testcase name="`ColumnResolver::getColumns` → it discovers model columns for Post" file="tests/Unit/Support/ColumnResolverTest.php::`ColumnResolver::getColumns` → it discovers model columns for Post" class="Tests\Unit\Support\ColumnResolverTest" classname="Tests.Unit.Support.ColumnResolverTest" assertions="3" time="0.025978"/>
      <testcase name="`ColumnResolver::getInputType for non-existent attribute in schemaInfo` → it returns text when attribute is not found in schemaInfo" file="tests/Unit/Support/ColumnResolverTest.php::`ColumnResolver::getInputType for non-existent attribute in schemaInfo` → it returns text when attribute is not found in schemaInfo" class="Tests\Unit\Support\ColumnResolverTest" classname="Tests.Unit.Support.ColumnResolverTest" assertions="1" time="0.032441"/>
      <testcase name="`ColumnResolver::getColumns excludes virtual and appended` → it does not include virtual columns" file="tests/Unit/Support/ColumnResolverTest.php::`ColumnResolver::getColumns excludes virtual and appended` → it does not include virtual columns" class="Tests\Unit\Support\ColumnResolverTest" classname="Tests.Unit.Support.ColumnResolverTest" assertions="27" time="0.027198"/>
      <testcase name="`ColumnResolver::getInputType fallback to schemaInfo` → it falls back to inputTypeFromSchemaInfo for unknown casts" file="tests/Unit/Support/ColumnResolverTest.php::`ColumnResolver::getInputType fallback to schemaInfo` → it falls back to inputTypeFromSchemaInfo for unknown casts" class="Tests\Unit\Support\ColumnResolverTest" classname="Tests.Unit.Support.ColumnResolverTest" assertions="1" time="0.026664"/>
      <testcase name="`ColumnResolver::getInputType for dot-notation with non-existent relation` → it returns text when middle relation segment does not exist" file="tests/Unit/Support/ColumnResolverTest.php::`ColumnResolver::getInputType for dot-notation with non-existent relation` → it returns text when middle relation segment does not exist" class="Tests\Unit\Support\ColumnResolverTest" classname="Tests.Unit.Support.ColumnResolverTest" assertions="1" time="0.027060"/>
      <testcase name="`ColumnResolver::getInputType fallback to schemaInfo` → it resolves model class for non-dot column with model instance" file="tests/Unit/Support/ColumnResolverTest.php::`ColumnResolver::getInputType fallback to schemaInfo` → it resolves model class for non-dot column with model instance" class="Tests\Unit\Support\ColumnResolverTest" classname="Tests.Unit.Support.ColumnResolverTest" assertions="1" time="0.027382"/>
      <testcase name="`ColumnResolver::getInputType fallback to schemaInfo` → it returns number for integer database type via schemaInfo" file="tests/Unit/Support/ColumnResolverTest.php::`ColumnResolver::getInputType fallback to schemaInfo` → it returns number for integer database type via schemaInfo" class="Tests\Unit\Support\ColumnResolverTest" classname="Tests.Unit.Support.ColumnResolverTest" assertions="1" time="0.027206"/>
      <testcase name="`ColumnResolver::getInputType` → it detects text type for content" file="tests/Unit/Support/ColumnResolverTest.php::`ColumnResolver::getInputType` → it detects text type for content" class="Tests\Unit\Support\ColumnResolverTest" classname="Tests.Unit.Support.ColumnResolverTest" assertions="1" time="0.028554"/>
      <testcase name="`ColumnResolver::getInputType cast mapping` → it resolves input type through nested relation" file="tests/Unit/Support/ColumnResolverTest.php::`ColumnResolver::getInputType cast mapping` → it resolves input type through nested relation" class="Tests\Unit\Support\ColumnResolverTest" classname="Tests.Unit.Support.ColumnResolverTest" assertions="1" time="0.032305"/>
      <testcase name="`ColumnResolver::getInputType cast mapping` → it returns text for non-existent relation column" file="tests/Unit/Support/ColumnResolverTest.php::`ColumnResolver::getInputType cast mapping` → it returns text for non-existent relation column" class="Tests\Unit\Support\ColumnResolverTest" classname="Tests.Unit.Support.ColumnResolverTest" assertions="1" time="0.032044"/>
      <testcase name="`ColumnResolver::getLabel` → it returns headline for simple column name" file="tests/Unit/Support/ColumnResolverTest.php::`ColumnResolver::getLabel` → it returns headline for simple column name" class="Tests\Unit\Support\ColumnResolverTest" classname="Tests.Unit.Support.ColumnResolverTest" assertions="1" time="0.027525"/>
      <testcase name="`ColumnResolver::getColumns skips virtual/appended` → it does not include appended attributes" file="tests/Unit/Support/ColumnResolverTest.php::`ColumnResolver::getColumns skips virtual/appended` → it does not include appended attributes" class="Tests\Unit\Support\ColumnResolverTest" classname="Tests.Unit.Support.ColumnResolverTest" assertions="9" time="0.028173"/>
      <testcase name="`ColumnResolver::getInputType` → it detects datetime type for created_at" file="tests/Unit/Support/ColumnResolverTest.php::`ColumnResolver::getInputType` → it detects datetime type for created_at" class="Tests\Unit\Support\ColumnResolverTest" classname="Tests.Unit.Support.ColumnResolverTest" assertions="1" time="0.028148"/>
      <testcase name="`ColumnResolver with Product model` → it maps boolean column from database type" file="tests/Unit/Support/ColumnResolverTest.php::`ColumnResolver with Product model` → it maps boolean column from database type" class="Tests\Unit\Support\ColumnResolverTest" classname="Tests.Unit.Support.ColumnResolverTest" assertions="1" time="0.032483"/>
      <testcase name="`ColumnResolver::getColumns` → it includes price column" file="tests/Unit/Support/ColumnResolverTest.php::`ColumnResolver::getColumns` → it includes price column" class="Tests\Unit\Support\ColumnResolverTest" classname="Tests.Unit.Support.ColumnResolverTest" assertions="1" time="0.026723"/>
      <testcase name="`ColumnResolver::getLabel edge cases` → it returns headline for complex column name" file="tests/Unit/Support/ColumnResolverTest.php::`ColumnResolver::getLabel edge cases` → it returns headline for complex column name" class="Tests\Unit\Support\ColumnResolverTest" classname="Tests.Unit.Support.ColumnResolverTest" assertions="1" time="0.026653"/>
      <testcase name="`ColumnResolver::getInputType with cast containing colon` → it strips colon suffix from cast type for mapping" file="tests/Unit/Support/ColumnResolverTest.php::`ColumnResolver::getInputType with cast containing colon` → it strips colon suffix from cast type for mapping" class="Tests\Unit\Support\ColumnResolverTest" classname="Tests.Unit.Support.ColumnResolverTest" assertions="1" time="0.027556"/>
      <testcase name="`ColumnResolver::getColumns` → it also works with a model instance" file="tests/Unit/Support/ColumnResolverTest.php::`ColumnResolver::getColumns` → it also works with a model instance" class="Tests\Unit\Support\ColumnResolverTest" classname="Tests.Unit.Support.ColumnResolverTest" assertions="1" time="0.027676"/>
      <testcase name="`ColumnResolver::getColumns` → it each column has name, cast and type keys" file="tests/Unit/Support/ColumnResolverTest.php::`ColumnResolver::getColumns` → it each column has name, cast and type keys" class="Tests\Unit\Support\ColumnResolverTest" classname="Tests.Unit.Support.ColumnResolverTest" assertions="27" time="0.027657"/>
    </testsuite>
    <testsuite name="Tests\Feature\DataTableCoreTest" file="tests/Feature/DataTableCoreTest.php" tests="107" assertions="175" errors="0" failures="0" skipped="0" time="45.979455">
      <testcase name="`setTextFilter` → it handles multi-value text filter with valueIndex" file="tests/Feature/DataTableCoreTest.php::`setTextFilter` → it handles multi-value text filter with valueIndex" class="Tests\Feature\DataTableCoreTest" classname="Tests.Feature.DataTableCoreTest" assertions="3" time="0.453444"/>
      <testcase name="`showRestoreButton` → it returns false when restore method does not exist" file="tests/Feature/DataTableCoreTest.php::`showRestoreButton` → it returns false when restore method does not exist" class="Tests\Feature\DataTableCoreTest" classname="Tests.Feature.DataTableCoreTest" assertions="1" time="0.367918"/>
      <testcase name="`applyUserFilters` → it resets loadedFilterId" file="tests/Feature/DataTableCoreTest.php::`applyUserFilters` → it resets loadedFilterId" class="Tests\Feature\DataTableCoreTest" classname="Tests.Feature.DataTableCoreTest" assertions="1" time="0.490045"/>
      <testcase name="`formatFilterBadgeValue` → it formats numeric values using model cast formatter" file="tests/Feature/DataTableCoreTest.php::`formatFilterBadgeValue` → it formats numeric values using model cast formatter" class="Tests\Feature\DataTableCoreTest" classname="Tests.Feature.DataTableCoreTest" assertions="1" time="0.365669"/>
      <testcase name="`removeFilterGroup` → it removes an entire filter group" file="tests/Feature/DataTableCoreTest.php::`removeFilterGroup` → it removes an entire filter group" class="Tests\Feature\DataTableCoreTest" classname="Tests.Feature.DataTableCoreTest" assertions="2" time="0.439958"/>
      <testcase name="`getGroupLabels` → it entries label contains pipe separator for singular and plural" file="tests/Feature/DataTableCoreTest.php::`getGroupLabels` → it entries label contains pipe separator for singular and plural" class="Tests\Feature\DataTableCoreTest" classname="Tests.Feature.DataTableCoreTest" assertions="1" time="0.371102"/>
      <testcase name="`migrateTextFiltersIfNeeded` → it does nothing when textFilters is already empty" file="tests/Feature/DataTableCoreTest.php::`migrateTextFiltersIfNeeded` → it does nothing when textFilters is already empty" class="Tests\Feature\DataTableCoreTest" classname="Tests.Feature.DataTableCoreTest" assertions="1" time="0.503959"/>
      <testcase name="`loadFilter with multiple properties` → it applies filter properties and reloads data when initialized" file="tests/Feature/DataTableCoreTest.php::`loadFilter with multiple properties` → it applies filter properties and reloads data when initialized" class="Tests\Feature\DataTableCoreTest" classname="Tests.Feature.DataTableCoreTest" assertions="1" time="0.404013"/>
      <testcase name="`applyUserFilters with non-array textFilters entries` → it skips non-array textFilters entries" file="tests/Feature/DataTableCoreTest.php::`applyUserFilters with non-array textFilters entries` → it skips non-array textFilters entries" class="Tests\Feature\DataTableCoreTest" classname="Tests.Feature.DataTableCoreTest" assertions="1" time="0.514537"/>
      <testcase name="`compileActions` → it returns empty table actions by default" file="tests/Feature/DataTableCoreTest.php::`compileActions` → it returns empty table actions by default" class="Tests\Feature\DataTableCoreTest" classname="Tests.Feature.DataTableCoreTest" assertions="1" time="0.380551"/>
      <testcase name="`loadFilter` → it reloads data when initialized" file="tests/Feature/DataTableCoreTest.php::`loadFilter` → it reloads data when initialized" class="Tests\Feature\DataTableCoreTest" classname="Tests.Feature.DataTableCoreTest" assertions="1" time="0.401524"/>
      <testcase name="`clearFiltersAndSort` → it resets textFilters to empty array" file="tests/Feature/DataTableCoreTest.php::`clearFiltersAndSort` → it resets textFilters to empty array" class="Tests\Feature\DataTableCoreTest" classname="Tests.Feature.DataTableCoreTest" assertions="1" time="0.434987"/>
      <testcase name="`forceRender` → it is a no-op for backwards compatibility" file="tests/Feature/DataTableCoreTest.php::`forceRender` → it is a no-op for backwards compatibility" class="Tests\Feature\DataTableCoreTest" classname="Tests.Feature.DataTableCoreTest" assertions="1" time="0.486500"/>
      <testcase name="`loadMore perPage cap` → it caps perPage at maximum after repeated calls" file="tests/Feature/DataTableCoreTest.php::`loadMore perPage cap` → it caps perPage at maximum after repeated calls" class="Tests\Feature\DataTableCoreTest" classname="Tests.Feature.DataTableCoreTest" assertions="2" time="0.586623"/>
      <testcase name="`forgetSessionFilter` → it clears sessionFilter array" file="tests/Feature/DataTableCoreTest.php::`forgetSessionFilter` → it clears sessionFilter array" class="Tests\Feature\DataTableCoreTest" classname="Tests.Feature.DataTableCoreTest" assertions="1" time="0.586414"/>
      <testcase name="`loadFilter with multiple properties` → it does not reload when not initialized" file="tests/Feature/DataTableCoreTest.php::`loadFilter with multiple properties` → it does not reload when not initialized" class="Tests\Feature\DataTableCoreTest" classname="Tests.Feature.DataTableCoreTest" assertions="1" time="0.378583"/>
      <testcase name="`clearFiltersAndSort` → it clears session filter" file="tests/Feature/DataTableCoreTest.php::`clearFiltersAndSort` → it clears session filter" class="Tests\Feature\DataTableCoreTest" classname="Tests.Feature.DataTableCoreTest" assertions="2" time="0.408825"/>
      <testcase name="`clearFiltersAndSort` → it resets userOrderAsc to true" file="tests/Feature/DataTableCoreTest.php::`clearFiltersAndSort` → it resets userOrderAsc to true" class="Tests\Feature\DataTableCoreTest" classname="Tests.Feature.DataTableCoreTest" assertions="1" time="0.424581"/>
      <testcase name="`getIncludedRelations` → it returns relation info for dot-notation columns" file="tests/Feature/DataTableCoreTest.php::`getIncludedRelations` → it returns relation info for dot-notation columns" class="Tests\Feature\DataTableCoreTest" classname="Tests.Feature.DataTableCoreTest" assertions="3" time="0.358223"/>
      <testcase name="`forgetSessionFilter` → it reloads data when loadData flag is true" file="tests/Feature/DataTableCoreTest.php::`forgetSessionFilter` → it reloads data when loadData flag is true" class="Tests\Feature\DataTableCoreTest" classname="Tests.Feature.DataTableCoreTest" assertions="1" time="0.407026"/>
      <testcase name="`aggregates cleared when search is active` → it sets aggregates to empty array when search is non-empty" file="tests/Feature/DataTableCoreTest.php::`aggregates cleared when search is active` → it sets aggregates to empty array when search is non-empty" class="Tests\Feature\DataTableCoreTest" classname="Tests.Feature.DataTableCoreTest" assertions="1" time="0.540731"/>
      <testcase name="`removeFilterGroup` → it does nothing for non-existent group index" file="tests/Feature/DataTableCoreTest.php::`removeFilterGroup` → it does nothing for non-existent group index" class="Tests\Feature\DataTableCoreTest" classname="Tests.Feature.DataTableCoreTest" assertions="1" time="0.412375"/>
      <testcase name="`applyUserFilters` → it refreshes colLabels" file="tests/Feature/DataTableCoreTest.php::`applyUserFilters` → it refreshes colLabels" class="Tests\Feature\DataTableCoreTest" classname="Tests.Feature.DataTableCoreTest" assertions="1" time="0.399071"/>
      <testcase name="`getViewData` → it includeAfter defaults to null" file="tests/Feature/DataTableCoreTest.php::`getViewData` → it includeAfter defaults to null" class="Tests\Feature\DataTableCoreTest" classname="Tests.Feature.DataTableCoreTest" assertions="1" time="0.375941"/>
      <testcase name="`loadFilter` → it does nothing when properties array is empty" file="tests/Feature/DataTableCoreTest.php::`loadFilter` → it does nothing when properties array is empty" class="Tests\Feature\DataTableCoreTest" classname="Tests.Feature.DataTableCoreTest" assertions="1" time="0.382486"/>
      <testcase name="`getDataForTesting` → it reloads data if data is empty but initialized" file="tests/Feature/DataTableCoreTest.php::`getDataForTesting` → it reloads data if data is empty but initialized" class="Tests\Feature\DataTableCoreTest" classname="Tests.Feature.DataTableCoreTest" assertions="1" time="0.392976"/>
      <testcase name="`getColLabels` → it converts snake_case to headline format" file="tests/Feature/DataTableCoreTest.php::`getColLabels` → it converts snake_case to headline format" class="Tests\Feature\DataTableCoreTest" classname="Tests.Feature.DataTableCoreTest" assertions="2" time="0.366544"/>
      <testcase name="`getOperatorLabels` → it includes singular time unit labels" file="tests/Feature/DataTableCoreTest.php::`getOperatorLabels` → it includes singular time unit labels" class="Tests\Feature\DataTableCoreTest" classname="Tests.Feature.DataTableCoreTest" assertions="6" time="0.374258"/>
      <testcase name="`loadFilter` → it applies given properties to the component" file="tests/Feature/DataTableCoreTest.php::`loadFilter` → it applies given properties to the component" class="Tests\Feature\DataTableCoreTest" classname="Tests.Feature.DataTableCoreTest" assertions="2" time="0.388549"/>
      <testcase name="`setPerPage guards` → it does not allow perPage to be set to negative" file="tests/Feature/DataTableCoreTest.php::`setPerPage guards` → it does not allow perPage to be set to negative" class="Tests\Feature\DataTableCoreTest" classname="Tests.Feature.DataTableCoreTest" assertions="1" time="0.363397"/>
      <testcase name="`setPerPage page adjustment` → it adjusts page when new perPage causes current page to be beyond last" file="tests/Feature/DataTableCoreTest.php::`setPerPage page adjustment` → it adjusts page when new perPage causes current page to be beyond last" class="Tests\Feature\DataTableCoreTest" classname="Tests.Feature.DataTableCoreTest" assertions="2" time="0.434499"/>
      <testcase name="`migrateTextFiltersIfNeeded` → it migrates old flat format to grouped format" file="tests/Feature/DataTableCoreTest.php::`migrateTextFiltersIfNeeded` → it migrates old flat format to grouped format" class="Tests\Feature\DataTableCoreTest" classname="Tests.Feature.DataTableCoreTest" assertions="1" time="0.527905"/>
      <testcase name="`getSearchRoute` → it returns empty string when no search route configured" file="tests/Feature/DataTableCoreTest.php::`getSearchRoute` → it returns empty string when no search route configured" class="Tests\Feature\DataTableCoreTest" classname="Tests.Feature.DataTableCoreTest" assertions="1" time="0.389890"/>
      <testcase name="`removeFilter` → it removes empty group after last filter removed" file="tests/Feature/DataTableCoreTest.php::`removeFilter` → it removes empty group after last filter removed" class="Tests\Feature\DataTableCoreTest" classname="Tests.Feature.DataTableCoreTest" assertions="1" time="0.413072"/>
      <testcase name="`updatedUserFilters` → it applies user filters when not loading a filter" file="tests/Feature/DataTableCoreTest.php::`updatedUserFilters` → it applies user filters when not loading a filter" class="Tests\Feature\DataTableCoreTest" classname="Tests.Feature.DataTableCoreTest" assertions="1" time="0.527073"/>
      <testcase name="`getAvailableCols with restricted availableCols` → it returns specified cols when availableCols is not wildcard" file="tests/Feature/DataTableCoreTest.php::`getAvailableCols with restricted availableCols` → it returns specified cols when availableCols is not wildcard" class="Tests\Feature\DataTableCoreTest" classname="Tests.Feature.DataTableCoreTest" assertions="3" time="0.374469"/>
      <testcase name="`getIncludedRelations` → it returns self relation for non-dot columns" file="tests/Feature/DataTableCoreTest.php::`getIncludedRelations` → it returns self relation for non-dot columns" class="Tests\Feature\DataTableCoreTest" classname="Tests.Feature.DataTableCoreTest" assertions="2" time="0.376836"/>
      <testcase name="`reloadData` → it reloads data when called" file="tests/Feature/DataTableCoreTest.php::`reloadData` → it reloads data when called" class="Tests\Feature\DataTableCoreTest" classname="Tests.Feature.DataTableCoreTest" assertions="1" time="0.415448"/>
      <testcase name="`setTextFilter` → it sets a simple text filter for a column" file="tests/Feature/DataTableCoreTest.php::`setTextFilter` → it sets a simple text filter for a column" class="Tests\Feature\DataTableCoreTest" classname="Tests.Feature.DataTableCoreTest" assertions="1" time="0.419777"/>
      <testcase name="`startSearch` → it resets page to 1" file="tests/Feature/DataTableCoreTest.php::`startSearch` → it resets page to 1" class="Tests\Feature\DataTableCoreTest" classname="Tests.Feature.DataTableCoreTest" assertions="1" time="0.538167"/>
      <testcase name="`clearFiltersAndSort` → it resets loadedFilterId to null" file="tests/Feature/DataTableCoreTest.php::`clearFiltersAndSort` → it resets loadedFilterId to null" class="Tests\Feature\DataTableCoreTest" classname="Tests.Feature.DataTableCoreTest" assertions="1" time="0.497413"/>
      <testcase name="`getSearchRoute with configured route` → it returns route URL when search_route is configured" file="tests/Feature/DataTableCoreTest.php::`getSearchRoute with configured route` → it returns route URL when search_route is configured" class="Tests\Feature\DataTableCoreTest" classname="Tests.Feature.DataTableCoreTest" assertions="1" time="0.351495"/>
      <testcase name="`showRestoreButton` → it returns false when component has no restore method" file="tests/Feature/DataTableCoreTest.php::`showRestoreButton` → it returns false when component has no restore method" class="Tests\Feature\DataTableCoreTest" classname="Tests.Feature.DataTableCoreTest" assertions="1" time="0.354603"/>
      <testcase name="`loadData recursion guard` → it resets page to 1 and completes without error when page exceeds results" file="tests/Feature/DataTableCoreTest.php::`loadData recursion guard` → it resets page to 1 and completes without error when page exceeds results" class="Tests\Feature\DataTableCoreTest" classname="Tests.Feature.DataTableCoreTest" assertions="1" time="0.504743"/>
      <testcase name="`getViewData` → it includeBefore defaults to null" file="tests/Feature/DataTableCoreTest.php::`getViewData` → it includeBefore defaults to null" class="Tests\Feature\DataTableCoreTest" classname="Tests.Feature.DataTableCoreTest" assertions="1" time="0.370232"/>
      <testcase name="`clearFiltersAndSort` → it resets groupBy to null" file="tests/Feature/DataTableCoreTest.php::`clearFiltersAndSort` → it resets groupBy to null" class="Tests\Feature\DataTableCoreTest" classname="Tests.Feature.DataTableCoreTest" assertions="1" time="0.510832"/>
      <testcase name="`getOperatorLabels` → it includes time unit labels" file="tests/Feature/DataTableCoreTest.php::`getOperatorLabels` → it includes time unit labels" class="Tests\Feature\DataTableCoreTest" classname="Tests.Feature.DataTableCoreTest" assertions="6" time="0.371395"/>
      <testcase name="`getAvailableCols` → it returns all model attributes when availableCols is wildcard" file="tests/Feature/DataTableCoreTest.php::`getAvailableCols` → it returns all model attributes when availableCols is wildcard" class="Tests\Feature\DataTableCoreTest" classname="Tests.Feature.DataTableCoreTest" assertions="2" time="0.370517"/>
      <testcase name="`compileActions` → it caches action results" file="tests/Feature/DataTableCoreTest.php::`compileActions` → it caches action results" class="Tests\Feature\DataTableCoreTest" classname="Tests.Feature.DataTableCoreTest" assertions="1" time="0.365929"/>
      <testcase name="`removeFilter` → it does nothing for non-existent filter index" file="tests/Feature/DataTableCoreTest.php::`removeFilter` → it does nothing for non-existent filter index" class="Tests\Feature\DataTableCoreTest" classname="Tests.Feature.DataTableCoreTest" assertions="1" time="0.402269"/>
      <testcase name="`loadMore` → it doubles perPage multiple times" file="tests/Feature/DataTableCoreTest.php::`loadMore` → it doubles perPage multiple times" class="Tests\Feature\DataTableCoreTest" classname="Tests.Feature.DataTableCoreTest" assertions="1" time="0.514680"/>
      <testcase name="`applyUserFilters` → it removes orphaned textFilters not in userFilters" file="tests/Feature/DataTableCoreTest.php::`applyUserFilters` → it removes orphaned textFilters not in userFilters" class="Tests\Feature\DataTableCoreTest" classname="Tests.Feature.DataTableCoreTest" assertions="1" time="0.438910"/>
      <testcase name="`getAppends` → it returns the appends array" file="tests/Feature/DataTableCoreTest.php::`getAppends` → it returns the appends array" class="Tests\Feature\DataTableCoreTest" classname="Tests.Feature.DataTableCoreTest" assertions="1" time="0.372442"/>
      <testcase name="`updatedSearch` → it triggers startSearch which resets page and selected" file="tests/Feature/DataTableCoreTest.php::`updatedSearch` → it triggers startSearch which resets page and selected" class="Tests\Feature\DataTableCoreTest" classname="Tests.Feature.DataTableCoreTest" assertions="2" time="0.631209"/>
      <testcase name="`sortTable` → it toggles direction when sorting same column twice" file="tests/Feature/DataTableCoreTest.php::`sortTable` → it toggles direction when sorting same column twice" class="Tests\Feature\DataTableCoreTest" classname="Tests.Feature.DataTableCoreTest" assertions="2" time="0.414235"/>
      <testcase name="`sortTable` → it resets direction to ASC when changing to different column" file="tests/Feature/DataTableCoreTest.php::`sortTable` → it resets direction to ASC when changing to different column" class="Tests\Feature\DataTableCoreTest" classname="Tests.Feature.DataTableCoreTest" assertions="2" time="0.444824"/>
      <testcase name="`getColLabels` → it returns labels for all enabled columns" file="tests/Feature/DataTableCoreTest.php::`getColLabels` → it returns labels for all enabled columns" class="Tests\Feature\DataTableCoreTest" classname="Tests.Feature.DataTableCoreTest" assertions="4" time="0.373144"/>
      <testcase name="`getIslandData` → it returns the same data as getViewData" file="tests/Feature/DataTableCoreTest.php::`getIslandData` → it returns the same data as getViewData" class="Tests\Feature\DataTableCoreTest" classname="Tests.Feature.DataTableCoreTest" assertions="1" time="0.385262"/>
      <testcase name="`getColLabels` → it generates relation labels with arrow notation" file="tests/Feature/DataTableCoreTest.php::`getColLabels` → it generates relation labels with arrow notation" class="Tests\Feature\DataTableCoreTest" classname="Tests.Feature.DataTableCoreTest" assertions="2" time="0.389494"/>
      <testcase name="`wildcard select handling` → it keeps wildcard compact on loadData" file="tests/Feature/DataTableCoreTest.php::`wildcard select handling` → it keeps wildcard compact on loadData" class="Tests\Feature\DataTableCoreTest" classname="Tests.Feature.DataTableCoreTest" assertions="1" time="0.526930"/>
      <testcase name="`loadData with empty results on higher page` → it handles page beyond results gracefully" file="tests/Feature/DataTableCoreTest.php::`loadData with empty results on higher page` → it handles page beyond results gracefully" class="Tests\Feature\DataTableCoreTest" classname="Tests.Feature.DataTableCoreTest" assertions="1" time="0.601317"/>
      <testcase name="`getParsedTextFilters` → it returns empty collection when no text filters" file="tests/Feature/DataTableCoreTest.php::`getParsedTextFilters` → it returns empty collection when no text filters" class="Tests\Feature\DataTableCoreTest" classname="Tests.Feature.DataTableCoreTest" assertions="1" time="0.377198"/>
[...]
      <testcase name="`loadSavedFilter` → it sets loadingFilter to true" file="tests/Feature/StoresSettingsTest.php::`loadSavedFilter` → it sets loadingFilter to true" class="Tests\Feature\StoresSettingsTest" classname="Tests.Feature.StoresSettingsTest" assertions="1" time="0.474353"/>
    </testsuite>
    <testsuite name="Tests\Unit\Formatters\FloatFormatterTest" file="tests/Unit/Formatters/FloatFormatterTest.php" tests="8" assertions="10" errors="0" failures="0" skipped="0" time="0.242942">
      <testcase name="`FloatFormatter` → it does not color zero" file="tests/Unit/Formatters/FloatFormatterTest.php::`FloatFormatter` → it does not color zero" class="Tests\Unit\Formatters\FloatFormatterTest" classname="Tests.Unit.Formatters.FloatFormatterTest" assertions="2" time="0.077752"/>
      <testcase name="`FloatFormatter` → it wraps positive in green span when colored" file="tests/Unit/Formatters/FloatFormatterTest.php::`FloatFormatter` → it wraps positive in green span when colored" class="Tests\Unit\Formatters\FloatFormatterTest" classname="Tests.Unit.Formatters.FloatFormatterTest" assertions="1" time="0.023595"/>
      <testcase name="`FloatFormatter` → it formats zero" file="tests/Unit/Formatters/FloatFormatterTest.php::`FloatFormatter` → it formats zero" class="Tests\Unit\Formatters\FloatFormatterTest" classname="Tests.Unit.Formatters.FloatFormatterTest" assertions="1" time="0.023073"/>
      <testcase name="`FloatFormatter` → it does not add color when not colored mode" file="tests/Unit/Formatters/FloatFormatterTest.php::`FloatFormatter` → it does not add color when not colored mode" class="Tests\Unit\Formatters\FloatFormatterTest" classname="Tests.Unit.Formatters.FloatFormatterTest" assertions="1" time="0.022845"/>
      <testcase name="`FloatFormatter` → it wraps negative in red span when colored" file="tests/Unit/Formatters/FloatFormatterTest.php::`FloatFormatter` → it wraps negative in red span when colored" class="Tests\Unit\Formatters\FloatFormatterTest" classname="Tests.Unit.Formatters.FloatFormatterTest" assertions="1" time="0.022897"/>
      <testcase name="`FloatFormatter` → it formats a basic float" file="tests/Unit/Formatters/FloatFormatterTest.php::`FloatFormatter` → it formats a basic float" class="Tests\Unit\Formatters\FloatFormatterTest" classname="Tests.Unit.Formatters.FloatFormatterTest" assertions="2" time="0.022631"/>
      <testcase name="`FloatFormatter` → it returns empty string for null" file="tests/Unit/Formatters/FloatFormatterTest.php::`FloatFormatter` → it returns empty string for null" class="Tests\Unit\Formatters\FloatFormatterTest" classname="Tests.Unit.Formatters.FloatFormatterTest" assertions="1" time="0.027269"/>
      <testcase name="`FloatFormatter` → it formats an integer as float with two decimal places" file="tests/Unit/Formatters/FloatFormatterTest.php::`FloatFormatter` → it formats an integer as float with two decimal places" class="Tests\Unit\Formatters\FloatFormatterTest" classname="Tests.Unit.Formatters.FloatFormatterTest" assertions="1" time="0.022881"/>
    </testsuite>
    <testsuite name="Tests\Feature\RelationColumnLimitTest" file="tests/Feature/RelationColumnLimitTest.php" tests="3" assertions="7" errors="0" failures="0" skipped="0" time="1.066814">
      <testcase name="it leaves to-one relation columns untouched" file="tests/Feature/RelationColumnLimitTest.php::it leaves to-one relation columns untouched" class="Tests\Feature\RelationColumnLimitTest" classname="Tests.Feature.RelationColumnLimitTest" assertions="1" time="0.336941"/>
      <testcase name="it caps a to-many relation column per parent row" file="tests/Feature/RelationColumnLimitTest.php::it caps a to-many relation column per parent row" class="Tests\Feature\RelationColumnLimitTest" classname="Tests.Feature.RelationColumnLimitTest" assertions="5" time="0.378291"/>
      <testcase name="it does not cap when the limit is disabled" file="tests/Feature/RelationColumnLimitTest.php::it does not cap when the limit is disabled" class="Tests\Feature\RelationColumnLimitTest" classname="Tests.Feature.RelationColumnLimitTest" assertions="1" time="0.351582"/>
    </testsuite>
    <testsuite name="Tests\Feature\ExportsDataTraitTest" file="tests/Feature/ExportsDataTraitTest.php" tests="4" assertions="6" errors="0" failures="0" skipped="0" time="0.853943">
      <testcase name="`ExportsData trait` → it generates headings from simple columns" file="tests/Feature/ExportsDataTraitTest.php::`ExportsData trait` → it generates headings from simple columns" class="Tests\Feature\ExportsDataTraitTest" classname="Tests.Feature.ExportsDataTraitTest" assertions="1" time="0.211913"/>
      <testcase name="`ExportsData trait` → it maps row data for simple columns" file="tests/Feature/ExportsDataTraitTest.php::`ExportsData trait` → it maps row data for simple columns" class="Tests\Feature\ExportsDataTraitTest" classname="Tests.Feature.ExportsDataTraitTest" assertions="1" time="0.213295"/>
      <testcase name="`ExportsData trait` → it maps row data for relation columns" file="tests/Feature/ExportsDataTraitTest.php::`ExportsData trait` → it maps row data for relation columns" class="Tests\Feature\ExportsDataTraitTest" classname="Tests.Feature.ExportsDataTraitTest" assertions="1" time="0.219611"/>
      <testcase name="`ExportsData trait` → it generates headings for dot-notation columns" file="tests/Feature/ExportsDataTraitTest.php::`ExportsData trait` → it generates headings for dot-notation columns" class="Tests\Feature\ExportsDataTraitTest" classname="Tests.Feature.ExportsDataTraitTest" assertions="3" time="0.209124"/>
    </testsuite>
    <testsuite name="Tests\Unit\Traits\BroadcastsEventsTest" file="tests/Unit/Traits/BroadcastsEventsTest.php" tests="18" assertions="34" errors="0" failures="0" skipped="0" time="0.434395">
      <testcase name="`BroadcastsEvents – broadcastWith` → broadcastWith excludes relations by default" file="tests/Unit/Traits/BroadcastsEventsTest.php::`BroadcastsEvents – broadcastWith` → broadcastWith excludes relations by default" class="Tests\Unit\Traits\BroadcastsEventsTest" classname="Tests.Unit.Traits.BroadcastsEventsTest" assertions="1" time="0.026693"/>
      <testcase name="`BroadcastsEvents – broadcastOn` → broadcastOn non-created channel includes model id" file="tests/Unit/Traits/BroadcastsEventsTest.php::`BroadcastsEvents – broadcastOn` → broadcastOn non-created channel includes model id" class="Tests\Unit\Traits\BroadcastsEventsTest" classname="Tests.Unit.Traits.BroadcastsEventsTest" assertions="1" time="0.023076"/>
      <testcase name="`BroadcastsEvents – broadcastWith` → broadcastWith returns array with model key" file="tests/Unit/Traits/BroadcastsEventsTest.php::`BroadcastsEvents – broadcastWith` → broadcastWith returns array with model key" class="Tests\Unit\Traits\BroadcastsEventsTest" classname="Tests.Unit.Traits.BroadcastsEventsTest" assertions="3" time="0.022531"/>
      <testcase name="`BroadcastsEvents – broadcastChannel` → broadcastChannel returns channel with model id by default" file="tests/Unit/Traits/BroadcastsEventsTest.php::`BroadcastsEvents – broadcastChannel` → broadcastChannel returns channel with model id by default" class="Tests\Unit\Traits\BroadcastsEventsTest" classname="Tests.Unit.Traits.BroadcastsEventsTest" assertions="2" time="0.022661"/>
      <testcase name="`BroadcastsEvents – broadcastChannel` → broadcastChannel with generic=true removes the id" file="tests/Unit/Traits/BroadcastsEventsTest.php::`BroadcastsEvents – broadcastChannel` → broadcastChannel with generic=true removes the id" class="Tests\Unit\Traits\BroadcastsEventsTest" classname="Tests.Unit.Traits.BroadcastsEventsTest" assertions="2" time="0.023645"/>
      <testcase name="`BroadcastsEvents – broadcastOn` → broadcastOn returns generic channel for created event" file="tests/Unit/Traits/BroadcastsEventsTest.php::`BroadcastsEvents – broadcastOn` → broadcastOn returns generic channel for created event" class="Tests\Unit\Traits\BroadcastsEventsTest" classname="Tests.Unit.Traits.BroadcastsEventsTest" assertions="3" time="0.023402"/>
      <testcase name="`BroadcastsEvents – newBroadcastableEvent` → newBroadcastableEvent creates a BroadcastableModelEventOccurred" file="tests/Unit/Traits/BroadcastsEventsTest.php::`BroadcastsEvents – newBroadcastableEvent` → newBroadcastableEvent creates a BroadcastableModelEventOccurred" class="Tests\Unit\Traits\BroadcastsEventsTest" classname="Tests.Unit.Traits.BroadcastsEventsTest" assertions="1" time="0.023662"/>
      <testcase name="`BroadcastsEvents – getBroadcastChannelRoute static` → getBroadcastChannelRoute contains parameter placeholder" file="tests/Unit/Traits/BroadcastsEventsTest.php::`BroadcastsEvents – getBroadcastChannelRoute static` → getBroadcastChannelRoute contains parameter placeholder" class="Tests\Unit\Traits\BroadcastsEventsTest" classname="Tests.Unit.Traits.BroadcastsEventsTest" assertions="1" time="0.022983"/>
      <testcase name="`BroadcastsEvents – broadcastWith` → broadcastWith includes model attributes" file="tests/Unit/Traits/BroadcastsEventsTest.php::`BroadcastsEvents – broadcastWith` → broadcastWith includes model attributes" class="Tests\Unit\Traits\BroadcastsEventsTest" classname="Tests.Unit.Traits.BroadcastsEventsTest" assertions="6" time="0.023465"/>
      <testcase name="`BroadcastsEvents – broadcastWith` → broadcastWith includes relations when includeRelations is true" file="tests/Unit/Traits/BroadcastsEventsTest.php::`BroadcastsEvents – broadcastWith` → broadcastWith includes relations when includeRelations is true" class="Tests\Unit\Traits\BroadcastsEventsTest" classname="Tests.Unit.Traits.BroadcastsEventsTest" assertions="1" time="0.029452"/>
      <testcase name="`BroadcastsEvents – getBroadcastChannel static` → getBroadcastChannel returns generic channel by default" file="tests/Unit/Traits/BroadcastsEventsTest.php::`BroadcastsEvents – getBroadcastChannel static` → getBroadcastChannel returns generic channel by default" class="Tests\Unit\Traits\BroadcastsEventsTest" classname="Tests.Unit.Traits.BroadcastsEventsTest" assertions="2" time="0.023934"/>
      <testcase name="`BroadcastsEvents – broadcastWith` → broadcastWith respects broadcastWithout" file="tests/Unit/Traits/BroadcastsEventsTest.php::`BroadcastsEvents – broadcastWith` → broadcastWith respects broadcastWithout" class="Tests\Unit\Traits\BroadcastsEventsTest" classname="Tests.Unit.Traits.BroadcastsEventsTest" assertions="2" time="0.024239"/>
      <testcase name="`BroadcastsEvents – broadcastAfterCommit` → broadcastAfterCommit returns true" file="tests/Unit/Traits/BroadcastsEventsTest.php::`BroadcastsEvents – broadcastAfterCommit` → broadcastAfterCommit returns true" class="Tests\Unit\Traits\BroadcastsEventsTest" classname="Tests.Unit.Traits.BroadcastsEventsTest" assertions="1" time="0.023904"/>
      <testcase name="`BroadcastsEvents – getBroadcastChannelRoute static` → getBroadcastChannelRoute returns a channel route string" file="tests/Unit/Traits/BroadcastsEventsTest.php::`BroadcastsEvents – getBroadcastChannelRoute static` → getBroadcastChannelRoute returns a channel route string" class="Tests\Unit\Traits\BroadcastsEventsTest" classname="Tests.Unit.Traits.BroadcastsEventsTest" assertions="2" time="0.023578"/>
      <testcase name="`BroadcastsEvents – broadcastOn` → broadcastOn created channel does not include model id" file="tests/Unit/Traits/BroadcastsEventsTest.php::`BroadcastsEvents – broadcastOn` → broadcastOn created channel does not include model id" class="Tests\Unit\Traits\BroadcastsEventsTest" classname="Tests.Unit.Traits.BroadcastsEventsTest" assertions="1" time="0.025481"/>
      <testcase name="`BroadcastsEvents – broadcastChannel` → broadcastChannel generic is prefix of specific channel" file="tests/Unit/Traits/BroadcastsEventsTest.php::`BroadcastsEvents – broadcastChannel` → broadcastChannel generic is prefix of specific channel" class="Tests\Unit\Traits\BroadcastsEventsTest" classname="Tests.Unit.Traits.BroadcastsEventsTest" assertions="1" time="0.024552"/>
      <testcase name="`BroadcastsEvents – broadcastOn` → broadcastOn returns PrivateChannel for non-created events" file="tests/Unit/Traits/BroadcastsEventsTest.php::`BroadcastsEvents – broadcastOn` → broadcastOn returns PrivateChannel for non-created events" class="Tests\Unit\Traits\BroadcastsEventsTest" classname="Tests.Unit.Traits.BroadcastsEventsTest" assertions="3" time="0.024050"/>
      <testcase name="`BroadcastsEvents – getBroadcastChannel static` → getBroadcastChannel with generic=false returns specific channel" file="tests/Unit/Traits/BroadcastsEventsTest.php::`BroadcastsEvents – getBroadcastChannel static` → getBroadcastChannel with generic=false returns specific channel" class="Tests\Unit\Traits\BroadcastsEventsTest" classname="Tests.Unit.Traits.BroadcastsEventsTest" assertions="1" time="0.023089"/>
    </testsuite>
    <testsuite name="Tests\Feature\DataTableFiltersComponentTest" file="tests/Feature/DataTableFiltersComponentTest.php" tests="17" assertions="21" errors="0" failures="0" skipped="0" time="3.927848">
      <testcase name="`DataTableFilters Component` → `savedFilters property` → it defaults to empty array" file="tests/Feature/DataTableFiltersComponentTest.php::`DataTableFilters Component` → `savedFilters property` → it defaults to empty array" class="Tests\Feature\DataTableFiltersComponentTest" classname="Tests.Feature.DataTableFiltersComponentTest" assertions="1" time="0.224078"/>
      <testcase name="`DataTableFilters Component` → `removeFilter` → it re-indexes filters after removal" file="tests/Feature/DataTableFiltersComponentTest.php::`DataTableFilters Component` → `removeFilter` → it re-indexes filters after removal" class="Tests\Feature\DataTableFiltersComponentTest" classname="Tests.Feature.DataTableFiltersComponentTest" assertions="3" time="0.278142"/>
      <testcase name="`DataTableFilters Component` → `locked properties` → it has locked availableCols property" file="tests/Feature/DataTableFiltersComponentTest.php::`DataTableFilters Component` → `locked properties` → it has locked availableCols property" class="Tests\Feature\DataTableFiltersComponentTest" classname="Tests.Feature.DataTableFiltersComponentTest" assertions="1" time="0.213293"/>
      <testcase name="`DataTableFilters Component` → `locked properties` → it has locked model property" file="tests/Feature/DataTableFiltersComponentTest.php::`DataTableFilters Component` → `locked properties` → it has locked model property" class="Tests\Feature\DataTableFiltersComponentTest" classname="Tests.Feature.DataTableFiltersComponentTest" assertions="1" time="0.213170"/>
      <testcase name="`DataTableFilters Component` → `instantiation` → it creates component with required properties" file="tests/Feature/DataTableFiltersComponentTest.php::`DataTableFilters Component` → `instantiation` → it creates component with required properties" class="Tests\Feature\DataTableFiltersComponentTest" classname="Tests.Feature.DataTableFiltersComponentTest" assertions="1" time="0.216964"/>
      <testcase name="`DataTableFilters Component` → `savedFilters property` → it can be initialized with values" file="tests/Feature/DataTableFiltersComponentTest.php::`DataTableFilters Component` → `savedFilters property` → it can be initialized with values" class="Tests\Feature\DataTableFiltersComponentTest" classname="Tests.Feature.DataTableFiltersComponentTest" assertions="1" time="0.213330"/>
      <testcase name="`DataTableFilters Component` → `clearFilters` → it removes all filters" file="tests/Feature/DataTableFiltersComponentTest.php::`DataTableFilters Component` → `clearFilters` → it removes all filters" class="Tests\Feature\DataTableFiltersComponentTest" classname="Tests.Feature.DataTableFiltersComponentTest" assertions="1" time="0.250554"/>
      <testcase name="`DataTableFilters Component` → `addFilter` → it appends multiple filters sequentially" file="tests/Feature/DataTableFiltersComponentTest.php::`DataTableFilters Component` → `addFilter` → it appends multiple filters sequentially" class="Tests\Feature\DataTableFiltersComponentTest" classname="Tests.Feature.DataTableFiltersComponentTest" assertions="1" time="0.241642"/>
      <testcase name="`DataTableFilters Component` → `removeFilter` → it removes a filter at a given index" file="tests/Feature/DataTableFiltersComponentTest.php::`DataTableFilters Component` → `removeFilter` → it removes a filter at a given index" class="Tests\Feature\DataTableFiltersComponentTest" classname="Tests.Feature.DataTableFiltersComponentTest" assertions="2" time="0.255555"/>
      <testcase name="`DataTableFilters Component` → `addFilter` → it dispatches filters-changed with updated filters" file="tests/Feature/DataTableFiltersComponentTest.php::`DataTableFilters Component` → `addFilter` → it dispatches filters-changed with updated filters" class="Tests\Feature\DataTableFiltersComponentTest" classname="Tests.Feature.DataTableFiltersComponentTest" assertions="1" time="0.237542"/>
      <testcase name="`DataTableFilters Component` → `addFilter` → it appends a filter to the filters array" file="tests/Feature/DataTableFiltersComponentTest.php::`DataTableFilters Component` → `addFilter` → it appends a filter to the filters array" class="Tests\Feature\DataTableFiltersComponentTest" classname="Tests.Feature.DataTableFiltersComponentTest" assertions="2" time="0.233342"/>
      <testcase name="`DataTableFilters Component` → `instantiation` → it accepts empty columns" file="tests/Feature/DataTableFiltersComponentTest.php::`DataTableFilters Component` → `instantiation` → it accepts empty columns" class="Tests\Feature\DataTableFiltersComponentTest" classname="Tests.Feature.DataTableFiltersComponentTest" assertions="1" time="0.218827"/>
      <testcase name="`DataTableFilters Component` → `getColumnType` → it returns text for string column without cast" file="tests/Feature/DataTableFiltersComponentTest.php::`DataTableFilters Component` → `getColumnType` → it returns text for string column without cast" class="Tests\Feature\DataTableFiltersComponentTest" classname="Tests.Feature.DataTableFiltersComponentTest" assertions="1" time="0.216330"/>
      <testcase name="`DataTableFilters Component` → `locked properties` → it has locked cacheKey property" file="tests/Feature/DataTableFiltersComponentTest.php::`DataTableFilters Component` → `locked properties` → it has locked cacheKey property" class="Tests\Feature\DataTableFiltersComponentTest" classname="Tests.Feature.DataTableFiltersComponentTest" assertions="1" time="0.216972"/>
      <testcase name="`DataTableFilters Component` → `removeFilter` → it dispatches filters-changed after removal" file="tests/Feature/DataTableFiltersComponentTest.php::`DataTableFilters Component` → `removeFilter` → it dispatches filters-changed after removal" class="Tests\Feature\DataTableFiltersComponentTest" classname="Tests.Feature.DataTableFiltersComponentTest" assertions="1" time="0.244572"/>
      <testcase name="`DataTableFilters Component` → `clearFilters` → it dispatches filters-changed with empty filters" file="tests/Feature/DataTableFiltersComponentTest.php::`DataTableFilters Component` → `clearFilters` → it dispatches filters-changed with empty filters" class="Tests\Feature\DataTableFiltersComponentTest" classname="Tests.Feature.DataTableFiltersComponentTest" assertions="1" time="0.240686"/>
      <testcase name="`DataTableFilters Component` → `getColumnType` → it returns boolean for boolean cast column" file="tests/Feature/DataTableFiltersComponentTest.php::`DataTableFilters Component` → `getColumnType` → it returns boolean for boolean cast column" class="Tests\Feature\DataTableFiltersComponentTest" classname="Tests.Feature.DataTableFiltersComponentTest" assertions="1" time="0.212849"/>
    </testsuite>
  </testsuite>
</testsuites>
